#
# There is insufficient memory for the Java Runtime Environment to continue.
# Native memory allocation (mmap) failed to map 52428800 bytes for Failed to commit area from 0x0000000088000000 to 0x000000008b200000 of length 52428800.
# Possible reasons:
#   The system is out of physical RAM or swap space
#   The process is running with CompressedOops enabled, and the Java Heap may be blocking the growth of the native heap
# Possible solutions:
#   Reduce memory load on the system
#   Increase physical memory or swap space
#   Check if swap backing store is full
#   Decrease Java heap size (-Xmx/-Xms)
#   Decrease number of Java threads
#   Decrease Java thread stack sizes (-Xss)
#   Set larger code cache with -XX:ReservedCodeCacheSize=
#   JVM is running with Unscaled Compressed Oops mode in which the Java heap is
#     placed in the first 4GB address space. The Java Heap base address is the
#     maximum limit for the native heap growth. Please use -XX:HeapBaseMinAddress
#     to set the Java Heap base and to place the Java Heap above 4GB virtual address.
# This output file may be truncated or incomplete.
#
#  Out of Memory Error (./open/src/hotspot/os/windows/os_windows.cpp:3276), pid=2404, tid=5104
#
# JRE version: Java(TM) SE Runtime Environment 18.9 (11.0.13+10) (build 11.0.13+10-LTS-370)
# Java VM: Java HotSpot(TM) 64-Bit Server VM 18.9 (11.0.13+10-LTS-370, mixed mode, tiered, compressed oops, g1 gc, windows-amd64)
# No core dump will be written. Minidumps are not enabled by default on client versions of Windows
#

---------------  S U M M A R Y ------------

Command Line: C:\Users\sfjbs\AppData\Local\Temp\surefire1164918805140736575\surefirebooter12138096977432690632.jar C:\Users\sfjbs\AppData\Local\Temp\surefire1164918805140736575 2022-06-24T05-41-10_349-jvmRun1 surefire8089792295946648633tmp surefire_013775495887861714049tmp

Host: Intel(R) Xeon(R) Platinum 8171M CPU @ 2.60GHz, 2 cores, 7G,  Windows 10 , 64 bit Build 19041 (10.0.19041.1741)
Time: Fri Jun 24 05:41:22 2022 Coordinated Universal Time elapsed time: 11.051746 seconds (0d 0h 0m 11s)

---------------  T H R E A D  ---------------

Current thread (0x000002262755b800):  VMThread "VM Thread" [stack: 0x0000009f38c00000,0x0000009f38d00000] [id=5104]

Stack: [0x0000009f38c00000,0x0000009f38d00000]
[error occurred during error reporting (printing stack bounds), id 0xc0000005, EXCEPTION_ACCESS_VIOLATION (0xc0000005) at pc=0x00000226111a0f2d]

Native frames: (J=compiled Java code, j=interpreted, Vv=VM code, C=native code)
V  [jvm.dll+0x62870a]
V  [jvm.dll+0x761f2f]
V  [jvm.dll+0x7635d9]
V  [jvm.dll+0x763bc5]
V  [jvm.dll+0x763b7b]
V  [jvm.dll+0x627c53]
V  [jvm.dll+0x628308]
C  [ntdll.dll+0xa209f]
C  [ntdll.dll+0x51454]
C  [ntdll.dll+0xa0bce]
C  0x00000226111a0f2d

VM_Operation (0x0000009f386fbd80): G1CollectForAllocation, mode: safepoint, requested by thread 0x0000022608339800


---------------  P R O C E S S  ---------------

Threads class SMR info:
_java_thread_list=0x00000226289436a0, length=12, elements={
0x0000022608339800, 0x000002262755d800, 0x0000022627568800, 0x0000022627579800,
0x000002262757c800, 0x000002262757d000, 0x0000022627582800, 0x0000022627583800,
0x00000226275bd800, 0x0000022628042800, 0x0000022628115000, 0x0000022628038800
}

Java Threads: ( => current thread )
  0x0000022608339800 JavaThread "main" [_thread_blocked, id=10208, stack(0x0000009f38600000,0x0000009f38700000)]
  0x000002262755d800 JavaThread "Reference Handler" daemon [_thread_blocked, id=9120, stack(0x0000009f38d00000,0x0000009f38e00000)]
  0x0000022627568800 JavaThread "Finalizer" daemon [_thread_blocked, id=7104, stack(0x0000009f38e00000,0x0000009f38f00000)]
  0x0000022627579800 JavaThread "Signal Dispatcher" daemon [_thread_blocked, id=2584, stack(0x0000009f38f00000,0x0000009f39000000)]
  0x000002262757c800 JavaThread "Attach Listener" daemon [_thread_blocked, id=6328, stack(0x0000009f39000000,0x0000009f39100000)]
  0x000002262757d000 JavaThread "Service Thread" daemon [_thread_blocked, id=8280, stack(0x0000009f39100000,0x0000009f39200000)]
  0x0000022627582800 JavaThread "C2 CompilerThread0" daemon [_thread_blocked, id=4916, stack(0x0000009f39200000,0x0000009f39300000)]
  0x0000022627583800 JavaThread "C1 CompilerThread0" daemon [_thread_blocked, id=2892, stack(0x0000009f39300000,0x0000009f39400000)]
  0x00000226275bd800 JavaThread "Sweeper thread" daemon [_thread_blocked, id=11196, stack(0x0000009f39400000,0x0000009f39500000)]
  0x0000022628042800 JavaThread "Common-Cleaner" daemon [_thread_blocked, id=9344, stack(0x0000009f39600000,0x0000009f39700000)]
  0x0000022628115000 JavaThread "surefire-forkedjvm-command-thread" daemon [_thread_in_native, id=10112, stack(0x0000009f39700000,0x0000009f39800000)]
  0x0000022628038800 JavaThread "surefire-forkedjvm-ping-30s" daemon [_thread_in_native, id=8032, stack(0x0000009f39800000,0x0000009f39900000)]

Other Threads:
=>0x000002262755b800 VMThread "VM Thread" [stack: 0x0000009f38c00000,0x0000009f38d00000] [id=5104]
  0x000002262803e000 WatcherThread [stack: 0x0000009f39500000,0x0000009f39600000] [id=460]
  0x000002260834f800 GCTaskThread "GC Thread#0" [stack: 0x0000009f38700000,0x0000009f38800000] [id=3932]
  0x00000226283e2000 GCTaskThread "GC Thread#1" [stack: 0x0000009f39900000,0x0000009f39a00000] [id=9028]
  0x000002260837c000 ConcurrentGCThread "G1 Main Marker" [stack: 0x0000009f38800000,0x0000009f38900000] [id=5940]
  0x000002260837d000 ConcurrentGCThread "G1 Conc#0" [stack: 0x0000009f38900000,0x0000009f38a00000] [id=4140]
  0x0000022608407800 ConcurrentGCThread "G1 Refine#0" [stack: 0x0000009f38a00000,0x0000009f38b00000] [id=11892]
  0x0000022628170800 ConcurrentGCThread "G1 Refine#1" [stack: 0x0000009f39a00000,0x0000009f39b00000] [id=9900]
  0x0000022608408800 ConcurrentGCThread "G1 Young RemSet Sampling" [stack: 0x0000009f38b00000,0x0000009f38c00000] [id=10780]

Threads with active compile tasks:
C2 CompilerThread0  11064 3209   !   4       java.lang.reflect.Executable::declaredAnnotations (85 bytes)

VM state:at safepoint (normal execution)

VM Mutex/Monitor currently owned by a thread:  ([mutex/lock_event])
[0x0000022608337af0] Threads_lock - owner thread: 0x000002262755b800
[0x0000022608336b30] Heap_lock - owner thread: 0x0000022608339800

Heap address: 0x0000000080000000, size: 2048 MB, Compressed Oops mode: 32-bit
Narrow klass base: 0x0000000000000000, Narrow klass shift: 3
Compressed class space size: 1073741824 Address: 0x0000000100000000

Heap:
 garbage-first heap   total 182272K, used 12413K [0x0000000080000000, 0x0000000100000000)
  region size 1024K, 7 young (7168K), 7 survivors (7168K)
 Metaspace       used 32388K, capacity 33435K, committed 33712K, reserved 1079296K
  class space    used 3823K, capacity 4268K, committed 4352K, reserved 1048576K
Heap Regions: E=young(eden), S=young(survivor), O=old, HS=humongous(starts), HC=humongous(continues), CS=collection set, F=free, A=archive, TAMS=top-at-mark-start (previous, next)
|   0|0x0000000080000000, 0x0000000080100000, 0x0000000080100000|100%| O|  |TAMS 0x0000000080100000, 0x0000000080000000| Untracked 
|   1|0x0000000080100000, 0x0000000080200000, 0x0000000080200000|100%| O|  |TAMS 0x0000000080200000, 0x0000000080100000| Untracked 
|   2|0x0000000080200000, 0x0000000080300000, 0x0000000080300000|100%| O|  |TAMS 0x0000000080300000, 0x0000000080200000| Untracked 
|   3|0x0000000080300000, 0x0000000080400000, 0x0000000080400000|100%| O|  |TAMS 0x0000000080400000, 0x0000000080300000| Untracked 
|   4|0x0000000080400000, 0x0000000080500000, 0x0000000080500000|100%| O|  |TAMS 0x0000000080400000, 0x0000000080400000| Untracked 
|   5|0x0000000080500000, 0x000000008052f800, 0x0000000080600000| 18%| O|  |TAMS 0x0000000080500000, 0x0000000080500000| Untracked 
|   6|0x0000000080600000, 0x0000000080600000, 0x0000000080700000|  0%| F|  |TAMS 0x0000000080600000, 0x0000000080600000| Untracked 
|   7|0x0000000080700000, 0x0000000080700000, 0x0000000080800000|  0%| F|  |TAMS 0x0000000080700000, 0x0000000080700000| Untracked 
|   8|0x0000000080800000, 0x0000000080800000, 0x0000000080900000|  0%| F|  |TAMS 0x0000000080800000, 0x0000000080800000| Untracked 
|   9|0x0000000080900000, 0x0000000080900000, 0x0000000080a00000|  0%| F|  |TAMS 0x0000000080900000, 0x0000000080900000| Untracked 
|  10|0x0000000080a00000, 0x0000000080a00000, 0x0000000080b00000|  0%| F|  |TAMS 0x0000000080a00000, 0x0000000080a00000| Untracked 
|  11|0x0000000080b00000, 0x0000000080b00000, 0x0000000080c00000|  0%| F|  |TAMS 0x0000000080b00000, 0x0000000080b00000| Untracked 
|  12|0x0000000080c00000, 0x0000000080c00000, 0x0000000080d00000|  0%| F|  |TAMS 0x0000000080c00000, 0x0000000080c00000| Untracked 
|  13|0x0000000080d00000, 0x0000000080d00000, 0x0000000080e00000|  0%| F|  |TAMS 0x0000000080d00000, 0x0000000080d00000| Untracked 
|  14|0x0000000080e00000, 0x0000000080e00000, 0x0000000080f00000|  0%| F|  |TAMS 0x0000000080e00000, 0x0000000080e00000| Untracked 
|  15|0x0000000080f00000, 0x0000000080f00000, 0x0000000081000000|  0%| F|  |TAMS 0x0000000080f00000, 0x0000000080f00000| Untracked 
|  16|0x0000000081000000, 0x0000000081000000, 0x0000000081100000|  0%| F|  |TAMS 0x0000000081000000, 0x0000000081000000| Untracked 
|  17|0x0000000081100000, 0x0000000081100000, 0x0000000081200000|  0%| F|  |TAMS 0x0000000081100000, 0x0000000081100000| Untracked 
|  18|0x0000000081200000, 0x0000000081200000, 0x0000000081300000|  0%| F|  |TAMS 0x0000000081200000, 0x0000000081200000| Untracked 
|  19|0x0000000081300000, 0x0000000081300000, 0x0000000081400000|  0%| F|  |TAMS 0x0000000081300000, 0x0000000081300000| Untracked 
|  20|0x0000000081400000, 0x0000000081400000, 0x0000000081500000|  0%| F|  |TAMS 0x0000000081400000, 0x0000000081400000| Untracked 
|  21|0x0000000081500000, 0x0000000081500000, 0x0000000081600000|  0%| F|  |TAMS 0x0000000081500000, 0x0000000081500000| Untracked 
|  22|0x0000000081600000, 0x0000000081600000, 0x0000000081700000|  0%| F|  |TAMS 0x0000000081600000, 0x0000000081600000| Untracked 
|  23|0x0000000081700000, 0x0000000081700000, 0x0000000081800000|  0%| F|  |TAMS 0x0000000081700000, 0x0000000081700000| Untracked 
|  24|0x0000000081800000, 0x0000000081800000, 0x0000000081900000|  0%| F|  |TAMS 0x0000000081800000, 0x0000000081800000| Untracked 
|  25|0x0000000081900000, 0x0000000081900000, 0x0000000081a00000|  0%| F|  |TAMS 0x0000000081900000, 0x0000000081900000| Untracked 
|  26|0x0000000081a00000, 0x0000000081a00000, 0x0000000081b00000|  0%| F|  |TAMS 0x0000000081a00000, 0x0000000081a00000| Untracked 
|  27|0x0000000081b00000, 0x0000000081b00000, 0x0000000081c00000|  0%| F|  |TAMS 0x0000000081b00000, 0x0000000081b00000| Untracked 
|  28|0x0000000081c00000, 0x0000000081c00000, 0x0000000081d00000|  0%| F|  |TAMS 0x0000000081c00000, 0x0000000081c00000| Untracked 
|  29|0x0000000081d00000, 0x0000000081d00000, 0x0000000081e00000|  0%| F|  |TAMS 0x0000000081d00000, 0x0000000081d00000| Untracked 
|  30|0x0000000081e00000, 0x0000000081e00000, 0x0000000081f00000|  0%| F|  |TAMS 0x0000000081e00000, 0x0000000081e00000| Untracked 
|  31|0x0000000081f00000, 0x0000000081f00000, 0x0000000082000000|  0%| F|  |TAMS 0x0000000081f00000, 0x0000000081f00000| Untracked 
|  32|0x0000000082000000, 0x0000000082000000, 0x0000000082100000|  0%| F|  |TAMS 0x0000000082000000, 0x0000000082000000| Untracked 
|  33|0x0000000082100000, 0x0000000082100000, 0x0000000082200000|  0%| F|  |TAMS 0x0000000082100000, 0x0000000082100000| Untracked 
|  34|0x0000000082200000, 0x0000000082200000, 0x0000000082300000|  0%| F|  |TAMS 0x0000000082200000, 0x0000000082200000| Untracked 
|  35|0x0000000082300000, 0x0000000082300000, 0x0000000082400000|  0%| F|  |TAMS 0x0000000082300000, 0x0000000082300000| Untracked 
|  36|0x0000000082400000, 0x0000000082400000, 0x0000000082500000|  0%| F|  |TAMS 0x0000000082400000, 0x0000000082400000| Untracked 
|  37|0x0000000082500000, 0x0000000082500000, 0x0000000082600000|  0%| F|  |TAMS 0x0000000082500000, 0x0000000082500000| Untracked 
|  38|0x0000000082600000, 0x0000000082600000, 0x0000000082700000|  0%| F|  |TAMS 0x0000000082600000, 0x0000000082600000| Untracked 
|  39|0x0000000082700000, 0x0000000082700000, 0x0000000082800000|  0%| F|  |TAMS 0x0000000082700000, 0x0000000082700000| Untracked 
|  40|0x0000000082800000, 0x0000000082800000, 0x0000000082900000|  0%| F|  |TAMS 0x0000000082800000, 0x0000000082800000| Untracked 
|  41|0x0000000082900000, 0x0000000082900000, 0x0000000082a00000|  0%| F|  |TAMS 0x0000000082900000, 0x0000000082900000| Untracked 
|  42|0x0000000082a00000, 0x0000000082a00000, 0x0000000082b00000|  0%| F|  |TAMS 0x0000000082a00000, 0x0000000082a00000| Untracked 
|  43|0x0000000082b00000, 0x0000000082b00000, 0x0000000082c00000|  0%| F|  |TAMS 0x0000000082b00000, 0x0000000082b00000| Untracked 
|  44|0x0000000082c00000, 0x0000000082c00000, 0x0000000082d00000|  0%| F|  |TAMS 0x0000000082c00000, 0x0000000082c00000| Untracked 
|  45|0x0000000082d00000, 0x0000000082d00000, 0x0000000082e00000|  0%| F|  |TAMS 0x0000000082d00000, 0x0000000082d00000| Untracked 
|  46|0x0000000082e00000, 0x0000000082e00000, 0x0000000082f00000|  0%| F|  |TAMS 0x0000000082e00000, 0x0000000082e00000| Untracked 
|  47|0x0000000082f00000, 0x0000000082f00000, 0x0000000083000000|  0%| F|  |TAMS 0x0000000082f00000, 0x0000000082f00000| Untracked 
|  48|0x0000000083000000, 0x0000000083000000, 0x0000000083100000|  0%| F|  |TAMS 0x0000000083000000, 0x0000000083000000| Untracked 
|  49|0x0000000083100000, 0x0000000083100000, 0x0000000083200000|  0%| F|  |TAMS 0x0000000083100000, 0x0000000083100000| Untracked 
|  50|0x0000000083200000, 0x0000000083200000, 0x0000000083300000|  0%| F|  |TAMS 0x0000000083200000, 0x0000000083200000| Untracked 
|  51|0x0000000083300000, 0x0000000083300000, 0x0000000083400000|  0%| F|  |TAMS 0x0000000083300000, 0x0000000083300000| Untracked 
|  52|0x0000000083400000, 0x0000000083400000, 0x0000000083500000|  0%| F|  |TAMS 0x0000000083400000, 0x0000000083400000| Untracked 
|  53|0x0000000083500000, 0x0000000083500000, 0x0000000083600000|  0%| F|  |TAMS 0x0000000083500000, 0x0000000083500000| Untracked 
|  54|0x0000000083600000, 0x0000000083600000, 0x0000000083700000|  0%| F|  |TAMS 0x0000000083600000, 0x0000000083600000| Untracked 
|  55|0x0000000083700000, 0x0000000083700000, 0x0000000083800000|  0%| F|  |TAMS 0x0000000083700000, 0x0000000083700000| Untracked 
|  56|0x0000000083800000, 0x0000000083800000, 0x0000000083900000|  0%| F|  |TAMS 0x0000000083800000, 0x0000000083800000| Untracked 
|  57|0x0000000083900000, 0x0000000083900000, 0x0000000083a00000|  0%| F|  |TAMS 0x0000000083900000, 0x0000000083900000| Untracked 
|  58|0x0000000083a00000, 0x0000000083a00000, 0x0000000083b00000|  0%| F|  |TAMS 0x0000000083a00000, 0x0000000083a00000| Untracked 
|  59|0x0000000083b00000, 0x0000000083b00000, 0x0000000083c00000|  0%| F|  |TAMS 0x0000000083b00000, 0x0000000083b00000| Untracked 
|  60|0x0000000083c00000, 0x0000000083c00000, 0x0000000083d00000|  0%| F|  |TAMS 0x0000000083c00000, 0x0000000083c00000| Untracked 
|  61|0x0000000083d00000, 0x0000000083defeb0, 0x0000000083e00000| 93%| S|CS|TAMS 0x0000000083d00000, 0x0000000083d00000| Complete 
|  62|0x0000000083e00000, 0x0000000083f00000, 0x0000000083f00000|100%| S|CS|TAMS 0x0000000083e00000, 0x0000000083e00000| Complete 
|  63|0x0000000083f00000, 0x0000000084000000, 0x0000000084000000|100%| S|CS|TAMS 0x0000000083f00000, 0x0000000083f00000| Complete 
|  64|0x0000000084000000, 0x0000000084100000, 0x0000000084100000|100%| S|CS|TAMS 0x0000000084000000, 0x0000000084000000| Complete 
|  65|0x0000000084100000, 0x0000000084200000, 0x0000000084200000|100%| S|CS|TAMS 0x0000000084100000, 0x0000000084100000| Complete 
|  66|0x0000000084200000, 0x0000000084300000, 0x0000000084300000|100%| S|CS|TAMS 0x0000000084200000, 0x0000000084200000| Complete 
|  67|0x0000000084300000, 0x0000000084400000, 0x0000000084400000|100%| S|CS|TAMS 0x0000000084300000, 0x0000000084300000| Complete 
|  68|0x0000000084400000, 0x0000000084400000, 0x0000000084500000|  0%| F|  |TAMS 0x0000000084400000, 0x0000000084400000| Untracked 
|  69|0x0000000084500000, 0x0000000084500000, 0x0000000084600000|  0%| F|  |TAMS 0x0000000084500000, 0x0000000084500000| Untracked 
|  70|0x0000000084600000, 0x0000000084600000, 0x0000000084700000|  0%| F|  |TAMS 0x0000000084600000, 0x0000000084600000| Untracked 
|  71|0x0000000084700000, 0x0000000084700000, 0x0000000084800000|  0%| F|  |TAMS 0x0000000084700000, 0x0000000084700000| Untracked 
|  72|0x0000000084800000, 0x0000000084800000, 0x0000000084900000|  0%| F|  |TAMS 0x0000000084800000, 0x0000000084800000| Untracked 
|  73|0x0000000084900000, 0x0000000084900000, 0x0000000084a00000|  0%| F|  |TAMS 0x0000000084900000, 0x0000000084900000| Untracked 
|  74|0x0000000084a00000, 0x0000000084a00000, 0x0000000084b00000|  0%| F|  |TAMS 0x0000000084a00000, 0x0000000084a00000| Untracked 
|  75|0x0000000084b00000, 0x0000000084b00000, 0x0000000084c00000|  0%| F|  |TAMS 0x0000000084b00000, 0x0000000084b00000| Untracked 
|  76|0x0000000084c00000, 0x0000000084c00000, 0x0000000084d00000|  0%| F|  |TAMS 0x0000000084c00000, 0x0000000084c00000| Untracked 
|  77|0x0000000084d00000, 0x0000000084d00000, 0x0000000084e00000|  0%| F|  |TAMS 0x0000000084d00000, 0x0000000084d00000| Untracked 
|  78|0x0000000084e00000, 0x0000000084e00000, 0x0000000084f00000|  0%| F|  |TAMS 0x0000000084e00000, 0x0000000084e00000| Untracked 
|  79|0x0000000084f00000, 0x0000000084f00000, 0x0000000085000000|  0%| F|  |TAMS 0x0000000084f00000, 0x0000000084f00000| Untracked 
|  80|0x0000000085000000, 0x0000000085000000, 0x0000000085100000|  0%| F|  |TAMS 0x0000000085000000, 0x0000000085000000| Untracked 
|  81|0x0000000085100000, 0x0000000085100000, 0x0000000085200000|  0%| F|  |TAMS 0x0000000085100000, 0x0000000085100000| Untracked 
|  82|0x0000000085200000, 0x0000000085200000, 0x0000000085300000|  0%| F|  |TAMS 0x0000000085200000, 0x0000000085200000| Untracked 
|  83|0x0000000085300000, 0x0000000085300000, 0x0000000085400000|  0%| F|  |TAMS 0x0000000085300000, 0x0000000085300000| Untracked 
|  84|0x0000000085400000, 0x0000000085400000, 0x0000000085500000|  0%| F|  |TAMS 0x0000000085400000, 0x0000000085400000| Untracked 
|  85|0x0000000085500000, 0x0000000085500000, 0x0000000085600000|  0%| F|  |TAMS 0x0000000085500000, 0x0000000085500000| Untracked 
|  86|0x0000000085600000, 0x0000000085600000, 0x0000000085700000|  0%| F|  |TAMS 0x0000000085600000, 0x0000000085600000| Untracked 
|  87|0x0000000085700000, 0x0000000085700000, 0x0000000085800000|  0%| F|  |TAMS 0x0000000085700000, 0x0000000085700000| Untracked 
|  88|0x0000000085800000, 0x0000000085800000, 0x0000000085900000|  0%| F|  |TAMS 0x0000000085800000, 0x0000000085800000| Untracked 
|  89|0x0000000085900000, 0x0000000085900000, 0x0000000085a00000|  0%| F|  |TAMS 0x0000000085900000, 0x0000000085900000| Untracked 
|  90|0x0000000085a00000, 0x0000000085a00000, 0x0000000085b00000|  0%| F|  |TAMS 0x0000000085a00000, 0x0000000085a00000| Untracked 
|  91|0x0000000085b00000, 0x0000000085b00000, 0x0000000085c00000|  0%| F|  |TAMS 0x0000000085b00000, 0x0000000085b00000| Untracked 
|  92|0x0000000085c00000, 0x0000000085c00000, 0x0000000085d00000|  0%| F|  |TAMS 0x0000000085c00000, 0x0000000085c00000| Untracked 
|  93|0x0000000085d00000, 0x0000000085d00000, 0x0000000085e00000|  0%| F|  |TAMS 0x0000000085d00000, 0x0000000085d00000| Untracked 
|  94|0x0000000085e00000, 0x0000000085e00000, 0x0000000085f00000|  0%| F|  |TAMS 0x0000000085e00000, 0x0000000085e00000| Untracked 
|  95|0x0000000085f00000, 0x0000000085f00000, 0x0000000086000000|  0%| F|  |TAMS 0x0000000085f00000, 0x0000000085f00000| Untracked 
|  96|0x0000000086000000, 0x0000000086000000, 0x0000000086100000|  0%| F|  |TAMS 0x0000000086000000, 0x0000000086000000| Untracked 
|  97|0x0000000086100000, 0x0000000086100000, 0x0000000086200000|  0%| F|  |TAMS 0x0000000086100000, 0x0000000086100000| Untracked 
|  98|0x0000000086200000, 0x0000000086200000, 0x0000000086300000|  0%| F|  |TAMS 0x0000000086200000, 0x0000000086200000| Untracked 
|  99|0x0000000086300000, 0x0000000086300000, 0x0000000086400000|  0%| F|  |TAMS 0x0000000086300000, 0x0000000086300000| Untracked 
| 100|0x0000000086400000, 0x0000000086400000, 0x0000000086500000|  0%| F|  |TAMS 0x0000000086400000, 0x0000000086400000| Untracked 
| 101|0x0000000086500000, 0x0000000086500000, 0x0000000086600000|  0%| F|  |TAMS 0x0000000086500000, 0x0000000086500000| Untracked 
| 102|0x0000000086600000, 0x0000000086600000, 0x0000000086700000|  0%| F|  |TAMS 0x0000000086600000, 0x0000000086600000| Untracked 
| 103|0x0000000086700000, 0x0000000086700000, 0x0000000086800000|  0%| F|  |TAMS 0x0000000086700000, 0x0000000086700000| Untracked 
| 104|0x0000000086800000, 0x0000000086800000, 0x0000000086900000|  0%| F|  |TAMS 0x0000000086800000, 0x0000000086800000| Untracked 
| 105|0x0000000086900000, 0x0000000086900000, 0x0000000086a00000|  0%| F|  |TAMS 0x0000000086900000, 0x0000000086900000| Untracked 
| 106|0x0000000086a00000, 0x0000000086a00000, 0x0000000086b00000|  0%| F|  |TAMS 0x0000000086a00000, 0x0000000086a00000| Untracked 
| 107|0x0000000086b00000, 0x0000000086b00000, 0x0000000086c00000|  0%| F|  |TAMS 0x0000000086b00000, 0x0000000086b00000| Untracked 
| 108|0x0000000086c00000, 0x0000000086c00000, 0x0000000086d00000|  0%| F|  |TAMS 0x0000000086c00000, 0x0000000086c00000| Untracked 
| 109|0x0000000086d00000, 0x0000000086d00000, 0x0000000086e00000|  0%| F|  |TAMS 0x0000000086d00000, 0x0000000086d00000| Untracked 
| 110|0x0000000086e00000, 0x0000000086e00000, 0x0000000086f00000|  0%| F|  |TAMS 0x0000000086e00000, 0x0000000086e00000| Untracked 
| 111|0x0000000086f00000, 0x0000000086f00000, 0x0000000087000000|  0%| F|  |TAMS 0x0000000086f00000, 0x0000000086f00000| Untracked 
| 112|0x0000000087000000, 0x0000000087000000, 0x0000000087100000|  0%| F|  |TAMS 0x0000000087000000, 0x0000000087000000| Untracked 
| 113|0x0000000087100000, 0x0000000087100000, 0x0000000087200000|  0%| F|  |TAMS 0x0000000087100000, 0x0000000087100000| Untracked 
| 114|0x0000000087200000, 0x0000000087200000, 0x0000000087300000|  0%| F|  |TAMS 0x0000000087200000, 0x0000000087200000| Untracked 
| 115|0x0000000087300000, 0x0000000087300000, 0x0000000087400000|  0%| F|  |TAMS 0x0000000087300000, 0x0000000087300000| Untracked 
| 116|0x0000000087400000, 0x0000000087400000, 0x0000000087500000|  0%| F|  |TAMS 0x0000000087400000, 0x0000000087400000| Untracked 
| 117|0x0000000087500000, 0x0000000087500000, 0x0000000087600000|  0%| F|  |TAMS 0x0000000087500000, 0x0000000087500000| Untracked 
| 118|0x0000000087600000, 0x0000000087600000, 0x0000000087700000|  0%| F|  |TAMS 0x0000000087600000, 0x0000000087600000| Untracked 
| 119|0x0000000087700000, 0x0000000087700000, 0x0000000087800000|  0%| F|  |TAMS 0x0000000087700000, 0x0000000087700000| Untracked 
| 120|0x0000000087800000, 0x0000000087800000, 0x0000000087900000|  0%| F|  |TAMS 0x0000000087800000, 0x0000000087800000| Untracked 
| 121|0x0000000087900000, 0x0000000087900000, 0x0000000087a00000|  0%| F|  |TAMS 0x0000000087900000, 0x0000000087900000| Untracked 
| 122|0x0000000087a00000, 0x0000000087a00000, 0x0000000087b00000|  0%| F|  |TAMS 0x0000000087a00000, 0x0000000087a00000| Untracked 
| 123|0x0000000087b00000, 0x0000000087b00000, 0x0000000087c00000|  0%| F|  |TAMS 0x0000000087b00000, 0x0000000087b00000| Untracked 
| 124|0x0000000087c00000, 0x0000000087c00000, 0x0000000087d00000|  0%| F|  |TAMS 0x0000000087c00000, 0x0000000087c00000| Untracked 
| 125|0x0000000087d00000, 0x0000000087d00000, 0x0000000087e00000|  0%| F|  |TAMS 0x0000000087d00000, 0x0000000087d00000| Untracked 
| 126|0x0000000087e00000, 0x0000000087e00000, 0x0000000087f00000|  0%| F|  |TAMS 0x0000000087e00000, 0x0000000087e00000| Untracked 
| 127|0x0000000087f00000, 0x0000000087f00000, 0x0000000088000000|  0%| F|  |TAMS 0x0000000087f00000, 0x0000000087f00000| Untracked 

Card table byte_map: [0x00000226209a0000,0x0000022620da0000] _byte_map_base: 0x00000226205a0000

Marking Bits (Prev, Next): (CMBitMap*) 0x000002260831e940, (CMBitMap*) 0x000002260831e908
 Prev Bits: [0x00000226231a0000, 0x00000226251a0000)
 Next Bits: [0x00000226211a0000, 0x00000226231a0000)

Polling page: 0x0000022608420000

Metaspace:

Usage:
  Non-class:     28.48 MB capacity,    27.90 MB ( 98%) used,   476.91 KB (  2%) free+waste,   124.38 KB ( <1%) overhead. 
      Class:      4.17 MB capacity,     3.73 MB ( 90%) used,   381.05 KB (  9%) free+waste,    63.94 KB (  1%) overhead. 
       Both:     32.65 MB capacity,    31.63 MB ( 97%) used,   857.95 KB (  3%) free+waste,   188.31 KB ( <1%) overhead. 

Virtual space:
  Non-class space:       30.00 MB reserved,      28.67 MB ( 96%) committed 
      Class space:        1.00 GB reserved,       4.25 MB ( <1%) committed 
             Both:        1.03 GB reserved,      32.92 MB (  3%) committed 

Chunk freelists:
   Non-Class:  128 bytes
       Class:  2.50 KB
        Both:  2.63 KB

CodeHeap 'non-profiled nmethods': size=120064Kb used=1368Kb max_used=1368Kb free=118695Kb
 bounds [0x0000022618c60000, 0x0000022618ed0000, 0x00000226201a0000]
CodeHeap 'profiled nmethods': size=120000Kb used=7171Kb max_used=7171Kb free=112828Kb
 bounds [0x0000022611730000, 0x0000022611e40000, 0x0000022618c60000]
CodeHeap 'non-nmethods': size=5696Kb used=1140Kb max_used=1189Kb free=4555Kb
 bounds [0x00000226111a0000, 0x0000022611410000, 0x0000022611730000]
 total_blobs=3693 nmethods=3226 adapters=378
 compilation: enabled
              stopped_count=0, restarted_count=0
 full_count=0

Compilation events (10 events):
Event: 11.005 Thread 0x0000022627583800 3229       3       sun.reflect.generics.parser.SignatureParser::parseReturnType (22 bytes)
Event: 11.005 Thread 0x0000022627583800 nmethod 3229 0x0000022611e2db90 code [0x0000022611e2dd60, 0x0000022611e2dfa8]
Event: 11.005 Thread 0x0000022627583800 3230       3       sun.reflect.generics.parser.SignatureParser::parseZeroOrMoreThrowsSignatures (51 bytes)
Event: 11.006 Thread 0x0000022627583800 nmethod 3230 0x0000022611e2e090 code [0x0000022611e2e2e0, 0x0000022611e2edf8]
Event: 11.006 Thread 0x0000022627583800 3231       3       sun.reflect.generics.tree.MethodTypeSignature::make (12 bytes)
Event: 11.006 Thread 0x0000022627583800 nmethod 3231 0x0000022611e2f190 code [0x0000022611e2f340, 0x0000022611e2f6b8]
Event: 11.007 Thread 0x0000022627583800 3232       3       sun.reflect.generics.parser.SignatureParser::parseIdentifier (13 bytes)
Event: 11.007 Thread 0x0000022627583800 nmethod 3232 0x0000022611e2f810 code [0x0000022611e2f9e0, 0x0000022611e2fc38]
Event: 11.008 Thread 0x0000022627583800 3233       3       sun.reflect.generics.repository.ConstructorRepository::computeParameterTypes (62 bytes)
Event: 11.009 Thread 0x0000022627583800 nmethod 3233 0x0000022611e2fd90 code [0x0000022611e2ffa0, 0x0000022611e30968]

GC Heap History (10 events):
Event: 1.903 GC heap after
{Heap after GC invocations=2 (full 0):
 garbage-first heap   total 131072K, used 5120K [0x0000000080000000, 0x0000000100000000)
  region size 1024K, 1 young (1024K), 1 survivors (1024K)
 Metaspace       used 9959K, capacity 10159K, committed 10240K, reserved 1058816K
  class space    used 925K, capacity 972K, committed 1024K, reserved 1048576K
}
Event: 2.547 GC heap before
{Heap before GC invocations=2 (full 0):
 garbage-first heap   total 131072K, used 15360K [0x0000000080000000, 0x0000000100000000)
  region size 1024K, 11 young (11264K), 1 survivors (1024K)
 Metaspace       used 12021K, capacity 12409K, committed 12672K, reserved 1060864K
  class space    used 1198K, capacity 1351K, committed 1408K, reserved 1048576K
}
Event: 2.551 GC heap after
{Heap after GC invocations=3 (full 0):
 garbage-first heap   total 131072K, used 5371K [0x0000000080000000, 0x0000000100000000)
  region size 1024K, 2 young (2048K), 2 survivors (2048K)
 Metaspace       used 12021K, capacity 12409K, committed 12672K, reserved 1060864K
  class space    used 1198K, capacity 1351K, committed 1408K, reserved 1048576K
}
Event: 3.745 GC heap before
{Heap before GC invocations=3 (full 0):
 garbage-first heap   total 131072K, used 20731K [0x0000000080000000, 0x0000000100000000)
  region size 1024K, 17 young (17408K), 2 survivors (2048K)
 Metaspace       used 15311K, capacity 15793K, committed 16000K, reserved 1062912K
  class space    used 1616K, capacity 1828K, committed 1920K, reserved 1048576K
}
Event: 3.753 GC heap after
{Heap after GC invocations=4 (full 0):
 garbage-first heap   total 131072K, used 6097K [0x0000000080000000, 0x0000000100000000)
  region size 1024K, 2 young (2048K), 2 survivors (2048K)
 Metaspace       used 15311K, capacity 15793K, committed 16000K, reserved 1062912K
  class space    used 1616K, capacity 1828K, committed 1920K, reserved 1048576K
}
Event: 5.865 GC heap before
{Heap before GC invocations=4 (full 0):
 garbage-first heap   total 131072K, used 30673K [0x0000000080000000, 0x0000000100000000)
  region size 1024K, 27 young (27648K), 2 survivors (2048K)
 Metaspace       used 20477K, capacity 21141K, committed 21296K, reserved 1069056K
  class space    used 2298K, capacity 2602K, committed 2688K, reserved 1048576K
}
Event: 5.877 GC heap after
{Heap after GC invocations=5 (full 0):
 garbage-first heap   total 131072K, used 7669K [0x0000000080000000, 0x0000000100000000)
  region size 1024K, 4 young (4096K), 4 survivors (4096K)
 Metaspace       used 20477K, capacity 21141K, committed 21296K, reserved 1069056K
  class space    used 2298K, capacity 2602K, committed 2688K, reserved 1048576K
}
Event: 7.827 GC heap before
{Heap before GC invocations=6 (full 0):
 garbage-first heap   total 131072K, used 41461K [0x0000000080000000, 0x0000000100000000)
  region size 1024K, 38 young (38912K), 4 survivors (4096K)
 Metaspace       used 26935K, capacity 27768K, committed 28080K, reserved 1073152K
  class space    used 3123K, capacity 3473K, committed 3584K, reserved 1048576K
}
Event: 7.843 GC heap after
{Heap after GC invocations=7 (full 0):
 garbage-first heap   total 131072K, used 8892K [0x0000000080000000, 0x0000000100000000)
  region size 1024K, 4 young (4096K), 4 survivors (4096K)
 Metaspace       used 26935K, capacity 27768K, committed 28080K, reserved 1073152K
  class space    used 3123K, capacity 3473K, committed 3584K, reserved 1048576K
}
Event: 11.026 GC heap before
{Heap before GC invocations=7 (full 0):
 garbage-first heap   total 131072K, used 66236K [0x0000000080000000, 0x0000000100000000)
  region size 1024K, 60 young (61440K), 4 survivors (4096K)
 Metaspace       used 32388K, capacity 33435K, committed 33712K, reserved 1079296K
  class space    used 3823K, capacity 4268K, committed 4352K, reserved 1048576K
}

Deoptimization events (10 events):
Event: 9.097 Thread 0x0000022608339800 Uncommon trap: reason=class_check action=maybe_recompile pc=0x0000022618ca3b80 method=java.util.HashMap.putVal(ILjava/lang/Object;Ljava/lang/Object;ZZ)Ljava/lang/Object; @ 203 c2
Event: 9.164 Thread 0x0000022608339800 Uncommon trap: reason=class_check action=maybe_recompile pc=0x0000022618ca3b80 method=java.util.HashMap.putVal(ILjava/lang/Object;Ljava/lang/Object;ZZ)Ljava/lang/Object; @ 203 c2
Event: 9.217 Thread 0x0000022608339800 Uncommon trap: reason=bimorphic_or_optimized_type_check action=maybe_recompile pc=0x0000022618d2e784 method=java.util.HashMap.putVal(ILjava/lang/Object;Ljava/lang/Object;ZZ)Ljava/lang/Object; @ 203 c2
Event: 9.475 Thread 0x0000022608339800 Uncommon trap: reason=unstable_if action=reinterpret pc=0x0000022618d74b00 method=org.springframework.beans.factory.support.AbstractBeanFactory.getMergedLocalBeanDefinition(Ljava/lang/String;)Lorg/springframework/beans/factory/support/RootBeanDefinition; 
Event: 9.598 Thread 0x0000022608339800 Uncommon trap: reason=unstable_if action=reinterpret pc=0x0000022618d6bcf0 method=org.springframework.util.ConcurrentReferenceHashMap$Segment.findInChain(Lorg/springframework/util/ConcurrentReferenceHashMap$Reference;Ljava/lang/Object;I)Lorg/springframewo
Event: 9.678 Thread 0x0000022608339800 Uncommon trap: reason=unstable_if action=reinterpret pc=0x0000022618d7d1dc method=org.springframework.beans.factory.support.AbstractBeanFactory.hasInstantiationAwareBeanPostProcessors()Z @ 12 c2
Event: 9.747 Thread 0x0000022608339800 Uncommon trap: reason=unstable_if action=reinterpret pc=0x0000022618d7e99c method=org.springframework.beans.factory.support.DefaultSingletonBeanRegistry.getSingleton(Ljava/lang/String;Z)Ljava/lang/Object; @ 20 c2
Event: 10.085 Thread 0x0000022608339800 Uncommon trap: reason=unstable_if action=reinterpret pc=0x0000022618d0c784 method=jdk.internal.org.objectweb.asm.MethodWriter.visitVarInsn(II)V @ 15 c2
Event: 10.091 Thread 0x0000022608339800 Uncommon trap: reason=class_check action=maybe_recompile pc=0x0000022618d119a0 method=java.lang.invoke.LambdaForm$Name.replaceNames([Ljava/lang/invoke/LambdaForm$Name;[Ljava/lang/invoke/LambdaForm$Name;II)Ljava/lang/invoke/LambdaForm$Name; @ 33 c2
Event: 10.091 Thread 0x0000022608339800 Uncommon trap: reason=class_check action=maybe_recompile pc=0x0000022618d119a0 method=java.lang.invoke.LambdaForm$Name.replaceNames([Ljava/lang/invoke/LambdaForm$Name;[Ljava/lang/invoke/LambdaForm$Name;II)Ljava/lang/invoke/LambdaForm$Name; @ 33 c2

Classes redefined (0 events):
No events

Internal exceptions (10 events):
Event: 10.811 Thread 0x0000022608339800 Exception <a 'java/lang/ClassNotFoundException'{0x0000000084764ce8}: org/springframework/boot/autoconfigure/web/client/RestTemplateBuilderConfigurerCustomizer> (0x0000000084764ce8) thrown at [./open/src/hotspot/share/classfile/systemDictionary.cpp, line 2
Event: 10.820 Thread 0x0000022608339800 Exception <a 'java/lang/ClassNotFoundException'{0x00000000847a8a50}: org/springframework/boot/web/client/RestTemplateBuilderBeanInfo> (0x00000000847a8a50) thrown at [./open/src/hotspot/share/classfile/systemDictionary.cpp, line 227]
Event: 10.820 Thread 0x0000022608339800 Exception <a 'java/lang/ClassNotFoundException'{0x00000000847b9508}: org/springframework/boot/web/client/RestTemplateBuilderCustomizer> (0x00000000847b9508) thrown at [./open/src/hotspot/share/classfile/systemDictionary.cpp, line 227]
Event: 10.982 Thread 0x0000022608339800 Exception <a 'java/lang/ClassNotFoundException'{0x00000000845d89c0}: java/lang/ObjectCustomizer> (0x00000000845d89c0) thrown at [./open/src/hotspot/share/classfile/systemDictionary.cpp, line 227]
Event: 10.983 Thread 0x0000022608339800 Exception <a 'java/lang/ClassNotFoundException'{0x00000000845ebfc8}: org/springframework/http/client/support/HttpAccessorCustomizer> (0x00000000845ebfc8) thrown at [./open/src/hotspot/share/classfile/systemDictionary.cpp, line 227]
Event: 10.985 Thread 0x0000022608339800 Exception <a 'java/lang/ClassNotFoundException'{0x0000000084403a78}: org/springframework/http/client/support/InterceptingHttpAccessorCustomizer> (0x0000000084403a78) thrown at [./open/src/hotspot/share/classfile/systemDictionary.cpp, line 227]
Event: 10.987 Thread 0x0000022608339800 Exception <a 'java/lang/ClassNotFoundException'{0x000000008441bf48}: org/springframework/web/client/RestTemplateCustomizer> (0x000000008441bf48) thrown at [./open/src/hotspot/share/classfile/systemDictionary.cpp, line 227]
Event: 11.004 Thread 0x0000022608339800 Exception <a 'java/lang/ClassNotFoundException'{0x0000000084489228}: org/springframework/web/client/RestOperationsCustomizer> (0x0000000084489228) thrown at [./open/src/hotspot/share/classfile/systemDictionary.cpp, line 227]
Event: 11.013 Thread 0x0000022608339800 Exception <a 'java/lang/ClassNotFoundException'{0x00000000844e5078}: java/lang/ObjectCustomizer> (0x00000000844e5078) thrown at [./open/src/hotspot/share/classfile/systemDictionary.cpp, line 227]
Event: 11.014 Thread 0x0000022608339800 Exception <a 'java/lang/ClassNotFoundException'{0x00000000844fb670}: org/springframework/boot/autoconfigure/AutoConfigurationPackages$BasePackagesCustomizer> (0x00000000844fb670) thrown at [./open/src/hotspot/share/classfile/systemDictionary.cpp, line 227

Events (10 events):
Event: 11.013 loading class java/lang/ObjectCustomizer done
Event: 11.013 loading class java/lang/ObjectCustomizer
Event: 11.013 loading class java/lang/ObjectCustomizer done
Event: 11.013 loading class org/springframework/boot/autoconfigure/AutoConfigurationPackages$BasePackagesCustomizer
Event: 11.013 loading class org/springframework/boot/autoconfigure/AutoConfigurationPackages$BasePackagesCustomizer done
Event: 11.013 loading class org/springframework/boot/autoconfigure/AutoConfigurationPackages$BasePackagesCustomizer
Event: 11.013 loading class org/springframework/boot/autoconfigure/AutoConfigurationPackages$BasePackagesCustomizer done
Event: 11.014 loading class org/springframework/boot/autoconfigure/AutoConfigurationPackages$BasePackagesCustomizer
Event: 11.014 loading class org/springframework/boot/autoconfigure/AutoConfigurationPackages$BasePackagesCustomizer done
Event: 11.014 Executing VM operation: G1CollectForAllocation


Dynamic libraries:
0x00007ff71c0d0000 - 0x00007ff71c0df000 	C:\Program Files\Java\jdk-11.0.13\bin\java.exe
0x00007fff12650000 - 0x00007fff12847000 	C:\Windows\SYSTEM32\ntdll.dll
0x00007fff106b0000 - 0x00007fff1076d000 	C:\Windows\System32\KERNEL32.DLL
0x00007fff0fde0000 - 0x00007fff100ad000 	C:\Windows\System32\KERNELBASE.dll
0x00007fff10280000 - 0x00007fff10380000 	C:\Windows\System32\ucrtbase.dll
0x00007ffefda60000 - 0x00007ffefda78000 	C:\Program Files\Java\jdk-11.0.13\bin\jli.dll
0x00007fff11620000 - 0x00007fff116ce000 	C:\Windows\System32\ADVAPI32.dll
0x00007fff11880000 - 0x00007fff1191e000 	C:\Windows\System32\msvcrt.dll
0x00007fff12570000 - 0x00007fff1260c000 	C:\Windows\System32\sechost.dll
0x00007fff119a0000 - 0x00007fff11ac5000 	C:\Windows\System32\RPCRT4.dll
0x00007fff116d0000 - 0x00007fff11870000 	C:\Windows\System32\USER32.dll
0x00007fff10250000 - 0x00007fff10272000 	C:\Windows\System32\win32u.dll
0x00007fff12310000 - 0x00007fff1233a000 	C:\Windows\System32\GDI32.dll
0x00007fff10440000 - 0x00007fff1054b000 	C:\Windows\System32\gdi32full.dll
0x00007fff100b0000 - 0x00007fff1014d000 	C:\Windows\System32\msvcp_win.dll
0x00007ffefda80000 - 0x00007ffefda95000 	C:\Program Files\Java\jdk-11.0.13\bin\VCRUNTIME140.dll
0x00007ffefaf70000 - 0x00007ffefb20a000 	C:\Windows\WinSxS\amd64_microsoft.windows.common-controls_6595b64144ccf1df_6.0.19041.1110_none_60b5254171f9507e\COMCTL32.dll
0x00007fff08330000 - 0x00007fff0833a000 	C:\Windows\SYSTEM32\VERSION.dll
0x00007fff11ad0000 - 0x00007fff11b00000 	C:\Windows\System32\IMM32.DLL
0x00007ffeea8a0000 - 0x00007ffeea93b000 	C:\Program Files\Java\jdk-11.0.13\bin\msvcp140.dll
0x00007ffed5480000 - 0x00007ffed5f93000 	C:\Program Files\Java\jdk-11.0.13\bin\server\jvm.dll
0x00007fff10ec0000 - 0x00007fff10ec8000 	C:\Windows\System32\PSAPI.DLL
0x00007fff09190000 - 0x00007fff09199000 	C:\Windows\SYSTEM32\WSOCK32.dll
0x00007fff11920000 - 0x00007fff1198b000 	C:\Windows\System32\WS2_32.dll
0x00007ffef8bd0000 - 0x00007ffef8bf7000 	C:\Windows\SYSTEM32\WINMM.dll
0x00007fff0dc50000 - 0x00007fff0dc62000 	C:\Windows\SYSTEM32\kernel.appcore.dll
0x00007ffefa830000 - 0x00007ffefa840000 	C:\Program Files\Java\jdk-11.0.13\bin\verify.dll
0x00007fff08a40000 - 0x00007fff08c24000 	C:\Windows\SYSTEM32\DBGHELP.DLL
0x00007fff08a10000 - 0x00007fff08a3c000 	C:\Windows\SYSTEM32\dbgcore.DLL
0x00007fff103b0000 - 0x00007fff10432000 	C:\Windows\System32\bcryptPrimitives.dll
0x00007ffef4d30000 - 0x00007ffef4d58000 	C:\Program Files\Java\jdk-11.0.13\bin\java.dll
0x00007ffefa810000 - 0x00007ffefa81a000 	C:\Program Files\Java\jdk-11.0.13\bin\jimage.dll
0x00007ffefa690000 - 0x00007ffefa6a6000 	C:\Program Files\Java\jdk-11.0.13\bin\zip.dll
0x00007fff10ed0000 - 0x00007fff11614000 	C:\Windows\System32\SHELL32.dll
0x00007fff0de50000 - 0x00007fff0e5e4000 	C:\Windows\SYSTEM32\windows.storage.dll
0x00007fff11c30000 - 0x00007fff11f84000 	C:\Windows\System32\combase.dll
0x00007fff0f620000 - 0x00007fff0f64c000 	C:\Windows\SYSTEM32\Wldp.dll
0x00007fff10d30000 - 0x00007fff10ddd000 	C:\Windows\System32\SHCORE.dll
0x00007fff121d0000 - 0x00007fff12225000 	C:\Windows\System32\shlwapi.dll
0x00007fff0fcb0000 - 0x00007fff0fccf000 	C:\Windows\SYSTEM32\profapi.dll
0x00007ffef5330000 - 0x00007ffef5349000 	C:\Program Files\Java\jdk-11.0.13\bin\net.dll
0x00007fff06ce0000 - 0x00007fff06dea000 	C:\Windows\SYSTEM32\WINHTTP.dll
0x00007fff0f400000 - 0x00007fff0f46a000 	C:\Windows\system32\mswsock.dll
0x00007ffef4740000 - 0x00007ffef4752000 	C:\Program Files\Java\jdk-11.0.13\bin\nio.dll
0x00007ffefdad0000 - 0x00007ffefdad9000 	C:\Program Files\Java\jdk-11.0.13\bin\management.dll
0x00007ffefd880000 - 0x00007ffefd88b000 	C:\Program Files\Java\jdk-11.0.13\bin\management_ext.dll
0x00007ffefc0d0000 - 0x00007ffefc0e7000 	C:\Windows\system32\napinsp.dll
0x00007ffefc0b0000 - 0x00007ffefc0cb000 	C:\Windows\system32\pnrpnsp.dll
0x00007ffefc090000 - 0x00007ffefc0a5000 	C:\Windows\system32\wshbth.dll
0x00007fff08fe0000 - 0x00007fff08ffd000 	C:\Windows\system32\NLAapi.dll
0x00007fff0f110000 - 0x00007fff0f14b000 	C:\Windows\SYSTEM32\IPHLPAPI.DLL
0x00007fff0f150000 - 0x00007fff0f21b000 	C:\Windows\SYSTEM32\DNSAPI.dll
0x00007fff11870000 - 0x00007fff11878000 	C:\Windows\System32\NSI.dll
0x00007ffefc070000 - 0x00007ffefc082000 	C:\Windows\System32\winrnr.dll
0x00007fff06590000 - 0x00007fff0659a000 	C:\Windows\System32\rasadhlp.dll
0x00007fff07060000 - 0x00007fff070e0000 	C:\Windows\System32\fwpuclnt.dll
0x00007fff10380000 - 0x00007fff103a7000 	C:\Windows\System32\bcrypt.dll

dbghelp: loaded successfully - version: 4.0.5 - missing functions: none
symbol engine: initialized successfully - sym options: 0x614 - pdb path: .;C:\Program Files\Java\jdk-11.0.13\bin;C:\Windows\SYSTEM32;C:\Windows\WinSxS\amd64_microsoft.windows.common-controls_6595b64144ccf1df_6.0.19041.1110_none_60b5254171f9507e;C:\Program Files\Java\jdk-11.0.13\bin\server

VM Arguments:
java_command: C:\Users\sfjbs\AppData\Local\Temp\surefire1164918805140736575\surefirebooter12138096977432690632.jar C:\Users\sfjbs\AppData\Local\Temp\surefire1164918805140736575 2022-06-24T05-41-10_349-jvmRun1 surefire8089792295946648633tmp surefire_013775495887861714049tmp
java_class_path (initial): C:\Users\sfjbs\AppData\Local\Temp\surefire1164918805140736575\surefirebooter12138096977432690632.jar
Launcher Type: SUN_STANDARD

[Global flags]
     intx CICompilerCount                          = 2                                         {product} {ergonomic}
     uint ConcGCThreads                            = 1                                         {product} {ergonomic}
     uint G1ConcRefinementThreads                  = 2                                         {product} {ergonomic}
   size_t G1HeapRegionSize                         = 1048576                                   {product} {ergonomic}
    uintx GCDrainStackTargetSize                   = 64                                        {product} {ergonomic}
   size_t InitialHeapSize                          = 134217728                                 {product} {ergonomic}
   size_t MarkStackSize                            = 4194304                                   {product} {ergonomic}
   size_t MaxHeapSize                              = 2147483648                                {product} {ergonomic}
   size_t MaxNewSize                               = 1287651328                                {product} {ergonomic}
   size_t MinHeapDeltaBytes                        = 1048576                                   {product} {ergonomic}
    uintx NonNMethodCodeHeapSize                   = 5825164                                {pd product} {ergonomic}
    uintx NonProfiledCodeHeapSize                  = 122916538                              {pd product} {ergonomic}
    uintx ProfiledCodeHeapSize                     = 122916538                              {pd product} {ergonomic}
    uintx ReservedCodeCacheSize                    = 251658240                              {pd product} {ergonomic}
     bool SegmentedCodeCache                       = true                                      {product} {ergonomic}
     bool UseCompressedClassPointers               = true                                 {lp64_product} {ergonomic}
     bool UseCompressedOops                        = true                                 {lp64_product} {ergonomic}
     bool UseG1GC                                  = true                                      {product} {ergonomic}
     bool UseLargePagesIndividualAllocation        = false                                  {pd product} {ergonomic}

Logging:
Log output configuration:
 #0: stdout all=warning uptime,level,tags
 #1: stderr all=off uptime,level,tags

Environment Variables:
PATH=C:\Program Files\Common Files\Oracle\Java\javapath;C:\Windows\system32;C:\Windows;C:\Windows\System32\Wbem;C:\Windows\System32\WindowsPowerShell\v1.0\;C:\Windows\System32\OpenSSH\;C:\Users\sfjbs\Downloads\javamicro-20220622T060017Z-001\javamicro\apache-maven-3.8.5-bin\apache-maven-3.8.5\bin;C:\Users\sfjbs\Downloads\javamicro-20220622T060017Z-001\javamicro\apache-maven-3.8.5-bin\apache-maven-3.8.5\lib;C:\Program Files\Docker\Docker\resources\bin;C:\ProgramData\DockerDesktop\version-bin;C:\Program Files\Git\cmd;C:\Users\sfjbs\AppData\Local\Microsoft\WindowsApps;C:\Users\sfjbs\Downloads\javamicro-20220622T060017Z-001\javamicro\apache-maven-3.8.5-bin\apache-maven-3.8.5\bin;C:\Users\sfjbs\Downloads\javamicro-20220622T060017Z-001\javamicro\apache-maven-3.8.5-bin\apache-maven-3.8.5\lib;
USERNAME=sfjbs
OS=Windows_NT
PROCESSOR_IDENTIFIER=Intel64 Family 6 Model 85 Stepping 4, GenuineIntel



---------------  S Y S T E M  ---------------

OS: Windows 10 , 64 bit Build 19041 (10.0.19041.1741)
Hyper-V role detected

CPU:total 2 (initial active 2) (1 cores per cpu, 2 threads per core) family 6 model 85 stepping 4 microcode 0xffffffff, cmov, cx8, fxsr, mmx, sse, sse2, sse3, ssse3, sse4.1, sse4.2, popcnt, avx, avx2, aes, clmul, erms, rtm, 3dnowpref, lzcnt, ht, tsc, bmi1, bmi2, adx, fma

Memory: 4k page, system-wide physical 8190M (1510M free)
TotalPageFile size 10238M (AvailPageFile size 51M)
current process WorkingSet (physical memory assigned to process): 177M, peak: 177M
current process commit charge ("private bytes"): 262M, peak: 312M

vm_info: Java HotSpot(TM) 64-Bit Server VM (11.0.13+10-LTS-370) for windows-amd64 JRE (11.0.13+10-LTS-370), built on Sep 15 2021 22:10:36 by "mach5one" with MS VC++ 15.9 (VS2017)

END.
