#
# There is insufficient memory for the Java Runtime Environment to continue.
# Native memory allocation (mmap) failed to map 134217728 bytes for Failed to commit area from 0x0000000080000000 to 0x0000000088000000 of length 134217728.
# Possible reasons:
#   The system is out of physical RAM or swap space
#   The process is running with CompressedOops enabled, and the Java Heap may be blocking the growth of the native heap
# Possible solutions:
#   Reduce memory load on the system
#   Increase physical memory or swap space
#   Check if swap backing store is full
#   Decrease Java heap size (-Xmx/-Xms)
#   Decrease number of Java threads
#   Decrease Java thread stack sizes (-Xss)
#   Set larger code cache with -XX:ReservedCodeCacheSize=
# This output file may be truncated or incomplete.
#
#  Out of Memory Error (./open/src/hotspot/os/windows/os_windows.cpp:3276), pid=8932, tid=11680
#
# JRE version:  (11.0.13+10) (build )
# Java VM: Java HotSpot(TM) 64-Bit Server VM (11.0.13+10-LTS-370, mixed mode, sharing, tiered, compressed oops, g1 gc, windows-amd64)
# No core dump will be written. Minidumps are not enabled by default on client versions of Windows
#

---------------  S U M M A R Y ------------

Command Line: C:\Users\sfjbs\AppData\Local\Temp\surefire165464187724833780\surefirebooter16776364799659852747.jar C:\Users\sfjbs\AppData\Local\Temp\surefire165464187724833780 2022-06-24T05-33-18_408-jvmRun1 surefire9252010346220930019tmp surefire_018166625354054063096tmp

Host: Intel(R) Xeon(R) Platinum 8171M CPU @ 2.60GHz, 2 cores, 7G,  Windows 10 , 64 bit Build 19041 (10.0.19041.1741)
Time: Fri Jun 24 05:33:22 2022 Coordinated Universal Time elapsed time: 0.035199 seconds (0d 0h 0m 0s)

---------------  T H R E A D  ---------------

Current thread (0x0000020c326c9800):  JavaThread "Unknown thread" [_thread_in_vm, id=11680, stack(0x000000b8e4900000,0x000000b8e4a00000)]

Stack: [0x000000b8e4900000,0x000000b8e4a00000]
Native frames: (J=compiled Java code, j=interpreted, Vv=VM code, C=native code)
V  [jvm.dll+0x62870a]
V  [jvm.dll+0x761f2f]
V  [jvm.dll+0x7635d9]
V  [jvm.dll+0x763c63]
V  [jvm.dll+0x23d728]
V  [jvm.dll+0x625aba]
V  [jvm.dll+0x61a855]
V  [jvm.dll+0x2f242c]
V  [jvm.dll+0x2f22b2]
V  [jvm.dll+0x2f6fd6]
V  [jvm.dll+0x3395ff]
V  [jvm.dll+0x339030]
V  [jvm.dll+0x2cfa38]
V  [jvm.dll+0x2d0ba6]
V  [jvm.dll+0x73c547]
V  [jvm.dll+0x73dddf]
V  [jvm.dll+0x346369]
V  [jvm.dll+0x721e60]
V  [jvm.dll+0x3b500f]
V  [jvm.dll+0x3b7121]
C  [jli.dll+0x5207]
C  [ucrtbase.dll+0x21bb2]
C  [KERNEL32.DLL+0x17034]
C  [ntdll.dll+0x52651]


---------------  P R O C E S S  ---------------

Threads class SMR info:
_java_thread_list=0x0000020c305b14f0, length=0, elements={
}

Java Threads: ( => current thread )

Other Threads:
  0x0000020c326df800 GCTaskThread "GC Thread#0" [stack: 0x000000b8e4a00000,0x000000b8e4b00000] [id=3856]
  0x0000020c3270b000 ConcurrentGCThread "G1 Main Marker" [stack: 0x000000b8e4b00000,0x000000b8e4c00000] [id=1808]
  0x0000020c3270c800 ConcurrentGCThread "G1 Conc#0" [stack: 0x000000b8e4c00000,0x000000b8e4d00000] [id=6876]

[error occurred during error reporting (printing all threads), id 0xc0000005, EXCEPTION_ACCESS_VIOLATION (0xc0000005) at pc=0x00007ffed575ecc7]

VM state:not at safepoint (not fully initialized)

VM Mutex/Monitor currently owned by a thread:  ([mutex/lock_event])
[0x0000020c326c6770] Heap_lock - owner thread: 0x0000020c326c9800

Heap address: 0x0000000080000000, size: 2048 MB, Compressed Oops mode: Non-zero based: 0x0000000080000000
Narrow klass base: 0x0000000000000000, Narrow klass shift: 0

GC Heap History (0 events):
No events

Deoptimization events (0 events):
No events

Classes redefined (0 events):
No events

Internal exceptions (0 events):
No events

Events (0 events):
No events


Dynamic libraries:
0x00007ff71c0d0000 - 0x00007ff71c0df000 	C:\Program Files\Java\jdk-11.0.13\bin\java.exe
0x00007fff12650000 - 0x00007fff12847000 	C:\Windows\SYSTEM32\ntdll.dll
0x00007fff106b0000 - 0x00007fff1076d000 	C:\Windows\System32\KERNEL32.DLL
0x00007fff0fde0000 - 0x00007fff100ad000 	C:\Windows\System32\KERNELBASE.dll
0x00007fff10280000 - 0x00007fff10380000 	C:\Windows\System32\ucrtbase.dll
0x00007ffefda60000 - 0x00007ffefda78000 	C:\Program Files\Java\jdk-11.0.13\bin\jli.dll
0x00007fff11620000 - 0x00007fff116ce000 	C:\Windows\System32\ADVAPI32.dll
0x00007fff11880000 - 0x00007fff1191e000 	C:\Windows\System32\msvcrt.dll
0x00007fff12570000 - 0x00007fff1260c000 	C:\Windows\System32\sechost.dll
0x00007fff119a0000 - 0x00007fff11ac5000 	C:\Windows\System32\RPCRT4.dll
0x00007fff116d0000 - 0x00007fff11870000 	C:\Windows\System32\USER32.dll
0x00007fff10250000 - 0x00007fff10272000 	C:\Windows\System32\win32u.dll
0x00007fff12310000 - 0x00007fff1233a000 	C:\Windows\System32\GDI32.dll
0x00007fff10440000 - 0x00007fff1054b000 	C:\Windows\System32\gdi32full.dll
0x00007fff100b0000 - 0x00007fff1014d000 	C:\Windows\System32\msvcp_win.dll
0x00007ffefda80000 - 0x00007ffefda95000 	C:\Program Files\Java\jdk-11.0.13\bin\VCRUNTIME140.dll
0x00007ffefaf70000 - 0x00007ffefb20a000 	C:\Windows\WinSxS\amd64_microsoft.windows.common-controls_6595b64144ccf1df_6.0.19041.1110_none_60b5254171f9507e\COMCTL32.dll
0x00007fff08330000 - 0x00007fff0833a000 	C:\Windows\SYSTEM32\VERSION.dll
0x00007fff11ad0000 - 0x00007fff11b00000 	C:\Windows\System32\IMM32.DLL
0x00007ffeea8a0000 - 0x00007ffeea93b000 	C:\Program Files\Java\jdk-11.0.13\bin\msvcp140.dll
0x00007ffed5480000 - 0x00007ffed5f93000 	C:\Program Files\Java\jdk-11.0.13\bin\server\jvm.dll
0x00007fff10ec0000 - 0x00007fff10ec8000 	C:\Windows\System32\PSAPI.DLL
0x00007fff09190000 - 0x00007fff09199000 	C:\Windows\SYSTEM32\WSOCK32.dll
0x00007fff11920000 - 0x00007fff1198b000 	C:\Windows\System32\WS2_32.dll
0x00007ffef8bd0000 - 0x00007ffef8bf7000 	C:\Windows\SYSTEM32\WINMM.dll
0x00007fff0dc50000 - 0x00007fff0dc62000 	C:\Windows\SYSTEM32\kernel.appcore.dll
0x00007ffefa830000 - 0x00007ffefa840000 	C:\Program Files\Java\jdk-11.0.13\bin\verify.dll
0x00007fff08a40000 - 0x00007fff08c24000 	C:\Windows\SYSTEM32\DBGHELP.DLL
0x00007fff08a10000 - 0x00007fff08a3c000 	C:\Windows\SYSTEM32\dbgcore.DLL
0x00007fff103b0000 - 0x00007fff10432000 	C:\Windows\System32\bcryptPrimitives.dll
0x00007ffef4d30000 - 0x00007ffef4d58000 	C:\Program Files\Java\jdk-11.0.13\bin\java.dll
0x00007ffefa810000 - 0x00007ffefa81a000 	C:\Program Files\Java\jdk-11.0.13\bin\jimage.dll
0x00007ffefa690000 - 0x00007ffefa6a6000 	C:\Program Files\Java\jdk-11.0.13\bin\zip.dll

dbghelp: loaded successfully - version: 4.0.5 - missing functions: none
symbol engine: initialized successfully - sym options: 0x614 - pdb path: .;C:\Program Files\Java\jdk-11.0.13\bin;C:\Windows\SYSTEM32;C:\Windows\WinSxS\amd64_microsoft.windows.common-controls_6595b64144ccf1df_6.0.19041.1110_none_60b5254171f9507e;C:\Program Files\Java\jdk-11.0.13\bin\server

VM Arguments:
java_command: C:\Users\sfjbs\AppData\Local\Temp\surefire165464187724833780\surefirebooter16776364799659852747.jar C:\Users\sfjbs\AppData\Local\Temp\surefire165464187724833780 2022-06-24T05-33-18_408-jvmRun1 surefire9252010346220930019tmp surefire_018166625354054063096tmp
java_class_path (initial): C:\Users\sfjbs\AppData\Local\Temp\surefire165464187724833780\surefirebooter16776364799659852747.jar
Launcher Type: SUN_STANDARD

[Global flags]
     intx CICompilerCount                          = 2                                         {product} {ergonomic}
     uint ConcGCThreads                            = 1                                         {product} {ergonomic}
     uint G1ConcRefinementThreads                  = 2                                         {product} {ergonomic}
   size_t G1HeapRegionSize                         = 1048576                                   {product} {ergonomic}
    uintx GCDrainStackTargetSize                   = 64                                        {product} {ergonomic}
   size_t InitialHeapSize                          = 134217728                                 {product} {ergonomic}
   size_t MarkStackSize                            = 4194304                                   {product} {ergonomic}
   size_t MaxHeapSize                              = 2147483648                                {product} {ergonomic}
   size_t MinHeapDeltaBytes                        = 1048576                                   {product} {ergonomic}
    uintx NonNMethodCodeHeapSize                   = 5825164                                {pd product} {ergonomic}
    uintx NonProfiledCodeHeapSize                  = 122916538                              {pd product} {ergonomic}
    uintx ProfiledCodeHeapSize                     = 122916538                              {pd product} {ergonomic}
    uintx ReservedCodeCacheSize                    = 251658240                              {pd product} {ergonomic}
     bool SegmentedCodeCache                       = true                                      {product} {ergonomic}
     bool UseCompressedClassPointers               = true                                 {lp64_product} {ergonomic}
     bool UseCompressedOops                        = true                                 {lp64_product} {ergonomic}
     bool UseG1GC                                  = true                                      {product} {ergonomic}
     bool UseLargePagesIndividualAllocation        = false                                  {pd product} {ergonomic}

Logging:
Log output configuration:
 #0: stdout all=warning uptime,level,tags
 #1: stderr all=off uptime,level,tags

Environment Variables:
PATH=C:\Program Files\Common Files\Oracle\Java\javapath;C:\Windows\system32;C:\Windows;C:\Windows\System32\Wbem;C:\Windows\System32\WindowsPowerShell\v1.0\;C:\Windows\System32\OpenSSH\;C:\Users\sfjbs\Downloads\javamicro-20220622T060017Z-001\javamicro\apache-maven-3.8.5-bin\apache-maven-3.8.5\bin;C:\Users\sfjbs\Downloads\javamicro-20220622T060017Z-001\javamicro\apache-maven-3.8.5-bin\apache-maven-3.8.5\lib;C:\Program Files\Docker\Docker\resources\bin;C:\ProgramData\DockerDesktop\version-bin;C:\Program Files\Git\cmd;C:\Users\sfjbs\AppData\Local\Microsoft\WindowsApps;C:\Users\sfjbs\Downloads\javamicro-20220622T060017Z-001\javamicro\apache-maven-3.8.5-bin\apache-maven-3.8.5\bin;C:\Users\sfjbs\Downloads\javamicro-20220622T060017Z-001\javamicro\apache-maven-3.8.5-bin\apache-maven-3.8.5\lib;
USERNAME=sfjbs
OS=Windows_NT
PROCESSOR_IDENTIFIER=Intel64 Family 6 Model 85 Stepping 4, GenuineIntel



---------------  S Y S T E M  ---------------

OS: Windows 10 , 64 bit Build 19041 (10.0.19041.1741)
Hyper-V role detected

CPU:total 2 (initial active 2) (1 cores per cpu, 2 threads per core) family 6 model 85 stepping 4 microcode 0xffffffff, cmov, cx8, fxsr, mmx, sse, sse2, sse3, ssse3, sse4.1, sse4.2, popcnt, avx, avx2, aes, clmul, erms, rtm, 3dnowpref, lzcnt, ht, tsc, bmi1, bmi2, adx, fma

Memory: 4k page, system-wide physical 8190M (1298M free)
TotalPageFile size 10238M (AvailPageFile size 35M)
current process WorkingSet (physical memory assigned to process): 9M, peak: 9M
current process commit charge ("private bytes"): 47M, peak: 175M

vm_info: Java HotSpot(TM) 64-Bit Server VM (11.0.13+10-LTS-370) for windows-amd64 JRE (11.0.13+10-LTS-370), built on Sep 15 2021 22:10:36 by "mach5one" with MS VC++ 15.9 (VS2017)

END.
