#
# There is insufficient memory for the Java Runtime Environment to continue.
# Native memory allocation (mmap) failed to map 65011712 bytes for Failed to commit area from 0x0000000089a00000 to 0x000000008d800000 of length 65011712.
# Possible reasons:
#   The system is out of physical RAM or swap space
#   The process is running with CompressedOops enabled, and the Java Heap may be blocking the growth of the native heap
# Possible solutions:
#   Reduce memory load on the system
#   Increase physical memory or swap space
#   Check if swap backing store is full
#   Decrease Java heap size (-Xmx/-Xms)
#   Decrease number of Java threads
#   Decrease Java thread stack sizes (-Xss)
#   Set larger code cache with -XX:ReservedCodeCacheSize=
#   JVM is running with Unscaled Compressed Oops mode in which the Java heap is
#     placed in the first 4GB address space. The Java Heap base address is the
#     maximum limit for the native heap growth. Please use -XX:HeapBaseMinAddress
#     to set the Java Heap base and to place the Java Heap above 4GB virtual address.
# This output file may be truncated or incomplete.
#
#  Out of Memory Error (./open/src/hotspot/os/windows/os_windows.cpp:3276), pid=10704, tid=7340
#
# JRE version: Java(TM) SE Runtime Environment 18.9 (11.0.13+10) (build 11.0.13+10-LTS-370)
# Java VM: Java HotSpot(TM) 64-Bit Server VM 18.9 (11.0.13+10-LTS-370, mixed mode, tiered, compressed oops, g1 gc, windows-amd64)
# No core dump will be written. Minidumps are not enabled by default on client versions of Windows
#

---------------  S U M M A R Y ------------

Command Line: -Xverify:none -XX:TieredStopAtLevel=1 com.rama.db.SpringBootMysqldbApplication

Host: Intel(R) Xeon(R) Platinum 8171M CPU @ 2.60GHz, 2 cores, 7G,  Windows 10 , 64 bit Build 19041 (10.0.19041.1741)
Time: Fri Jun 24 03:24:28 2022 Coordinated Universal Time elapsed time: 4.815593 seconds (0d 0h 0m 4s)

---------------  T H R E A D  ---------------

Current thread (0x00000248fc90d800):  VMThread "VM Thread" [stack: 0x000000a4eaf00000,0x000000a4eb000000] [id=7340]

Stack: [0x000000a4eaf00000,0x000000a4eb000000]
[error occurred during error reporting (printing stack bounds), id 0xc0000005, EXCEPTION_ACCESS_VIOLATION (0xc0000005) at pc=0x0000024880000f2d]

Native frames: (J=compiled Java code, j=interpreted, Vv=VM code, C=native code)
V  [jvm.dll+0x62870a]
V  [jvm.dll+0x761f2f]
V  [jvm.dll+0x7635d9]
V  [jvm.dll+0x763bc5]
V  [jvm.dll+0x763b7b]
V  [jvm.dll+0x627c53]
V  [jvm.dll+0x628308]
C  [ntdll.dll+0xa209f]
C  [ntdll.dll+0x51454]
C  [ntdll.dll+0xa0bce]
C  0x0000024880000f2d

VM_Operation (0x000000a4ea9f9c50): CollectForMetadataAllocation, mode: safepoint, requested by thread 0x00000248ee6cd800


---------------  P R O C E S S  ---------------

Threads class SMR info:
_java_thread_list=0x00000248ff2d7150, length=13, elements={
0x00000248ee6cd800, 0x00000248fc912800, 0x00000248fc914800, 0x00000248fc933000,
0x00000248fc936000, 0x00000248fc938000, 0x00000248fc93c000, 0x00000248fc93d000,
0x00000248fd3aa800, 0x00000248fefec800, 0x00000248fed08000, 0x00000248ff2f5800,
0x00000248ff2f6000
}

Java Threads: ( => current thread )
  0x00000248ee6cd800 JavaThread "main" [_thread_blocked, id=6280, stack(0x000000a4ea900000,0x000000a4eaa00000)]
  0x00000248fc912800 JavaThread "Reference Handler" daemon [_thread_blocked, id=11948, stack(0x000000a4eb000000,0x000000a4eb100000)]
  0x00000248fc914800 JavaThread "Finalizer" daemon [_thread_blocked, id=5312, stack(0x000000a4eb100000,0x000000a4eb200000)]
  0x00000248fc933000 JavaThread "Signal Dispatcher" daemon [_thread_blocked, id=5820, stack(0x000000a4eb200000,0x000000a4eb300000)]
  0x00000248fc936000 JavaThread "Attach Listener" daemon [_thread_blocked, id=7400, stack(0x000000a4eb300000,0x000000a4eb400000)]
  0x00000248fc938000 JavaThread "Service Thread" daemon [_thread_blocked, id=6204, stack(0x000000a4eb400000,0x000000a4eb500000)]
  0x00000248fc93c000 JavaThread "C1 CompilerThread0" daemon [_thread_blocked, id=8716, stack(0x000000a4eb500000,0x000000a4eb600000)]
  0x00000248fc93d000 JavaThread "Sweeper thread" daemon [_thread_blocked, id=1280, stack(0x000000a4eb600000,0x000000a4eb700000)]
  0x00000248fd3aa800 JavaThread "Common-Cleaner" daemon [_thread_blocked, id=7420, stack(0x000000a4eb800000,0x000000a4eb900000)]
  0x00000248fefec800 JavaThread "Catalina-utility-1" [_thread_blocked, id=1096, stack(0x000000a4eba00000,0x000000a4ebb00000)]
  0x00000248fed08000 JavaThread "Catalina-utility-2" [_thread_blocked, id=9416, stack(0x000000a4ebb00000,0x000000a4ebc00000)]
  0x00000248ff2f5800 JavaThread "container-0" [_thread_blocked, id=2948, stack(0x000000a4ebc00000,0x000000a4ebd00000)]
  0x00000248ff2f6000 JavaThread "mysql-cj-abandoned-connection-cleanup" daemon [_thread_blocked, id=6612, stack(0x000000a4ebd00000,0x000000a4ebe00000)]

Other Threads:
=>0x00000248fc90d800 VMThread "VM Thread" [stack: 0x000000a4eaf00000,0x000000a4eb000000] [id=7340]
  0x00000248fd3a9800 WatcherThread [stack: 0x000000a4eb700000,0x000000a4eb800000] [id=10212]
  0x00000248ee6e2800 GCTaskThread "GC Thread#0" [stack: 0x000000a4eaa00000,0x000000a4eab00000] [id=10196]
  0x00000248fd731000 GCTaskThread "GC Thread#1" [stack: 0x000000a4eb900000,0x000000a4eba00000] [id=8664]
  0x00000248ee713000 ConcurrentGCThread "G1 Main Marker" [stack: 0x000000a4eab00000,0x000000a4eac00000] [id=11248]
  0x00000248ee715800 ConcurrentGCThread "G1 Conc#0" [stack: 0x000000a4eac00000,0x000000a4ead00000] [id=1924]
  0x00000248ee79c800 ConcurrentGCThread "G1 Refine#0" [stack: 0x000000a4ead00000,0x000000a4eae00000] [id=11616]
  0x00000248ee79d800 ConcurrentGCThread "G1 Young RemSet Sampling" [stack: 0x000000a4eae00000,0x000000a4eaf00000] [id=4116]

Threads with active compile tasks:

VM state:at safepoint (normal execution)

VM Mutex/Monitor currently owned by a thread:  ([mutex/lock_event])
[0x00000248ee6c9e20] Threads_lock - owner thread: 0x00000248fc90d800
[0x00000248ee6ca210] Heap_lock - owner thread: 0x00000248ee6cd800

Heap address: 0x0000000080000000, size: 2048 MB, Compressed Oops mode: 32-bit
Narrow klass base: 0x0000000000000000, Narrow klass shift: 3
Compressed class space size: 1073741824 Address: 0x0000000100000000

Heap:
 garbage-first heap   total 221184K, used 14463K [0x0000000080000000, 0x0000000100000000)
  region size 1024K, 8 young (8192K), 8 survivors (8192K)
 Metaspace       used 31022K, capacity 32119K, committed 32176K, reserved 1087488K
  class space    used 3872K, capacity 4295K, committed 4352K, reserved 1048576K
Heap Regions: E=young(eden), S=young(survivor), O=old, HS=humongous(starts), HC=humongous(continues), CS=collection set, F=free, A=archive, TAMS=top-at-mark-start (previous, next)
|   0|0x0000000080000000, 0x0000000080100000, 0x0000000080100000|100%|HS|  |TAMS 0x0000000080100000, 0x0000000080100000| Complete 
|   1|0x0000000080100000, 0x0000000080200000, 0x0000000080200000|100%| O|  |TAMS 0x0000000080200000, 0x0000000080200000| Untracked 
|   2|0x0000000080200000, 0x0000000080300000, 0x0000000080300000|100%| O|  |TAMS 0x0000000080300000, 0x0000000080300000| Untracked 
|   3|0x0000000080300000, 0x0000000080400000, 0x0000000080400000|100%| O|  |TAMS 0x0000000080400000, 0x0000000080400000| Untracked 
|   4|0x0000000080400000, 0x0000000080500000, 0x0000000080500000|100%| O|  |TAMS 0x0000000080500000, 0x0000000080500000| Untracked 
|   5|0x0000000080500000, 0x0000000080600000, 0x0000000080600000|100%| O|  |TAMS 0x0000000080554800, 0x0000000080600000| Untracked 
|   6|0x0000000080600000, 0x000000008069fe00, 0x0000000080700000| 62%| O|  |TAMS 0x0000000080600000, 0x000000008069fe00| Untracked 
|   7|0x0000000080700000, 0x0000000080700000, 0x0000000080800000|  0%| F|  |TAMS 0x0000000080700000, 0x0000000080700000| Untracked 
|   8|0x0000000080800000, 0x0000000080800000, 0x0000000080900000|  0%| F|  |TAMS 0x0000000080800000, 0x0000000080800000| Untracked 
|   9|0x0000000080900000, 0x0000000080900000, 0x0000000080a00000|  0%| F|  |TAMS 0x0000000080900000, 0x0000000080900000| Untracked 
|  10|0x0000000080a00000, 0x0000000080a00000, 0x0000000080b00000|  0%| F|  |TAMS 0x0000000080a00000, 0x0000000080a00000| Untracked 
|  11|0x0000000080b00000, 0x0000000080b00000, 0x0000000080c00000|  0%| F|  |TAMS 0x0000000080b00000, 0x0000000080b00000| Untracked 
|  12|0x0000000080c00000, 0x0000000080c00000, 0x0000000080d00000|  0%| F|  |TAMS 0x0000000080c00000, 0x0000000080c00000| Untracked 
|  13|0x0000000080d00000, 0x0000000080d00000, 0x0000000080e00000|  0%| F|  |TAMS 0x0000000080d00000, 0x0000000080d00000| Untracked 
|  14|0x0000000080e00000, 0x0000000080e00000, 0x0000000080f00000|  0%| F|  |TAMS 0x0000000080e00000, 0x0000000080e00000| Untracked 
|  15|0x0000000080f00000, 0x0000000080f00000, 0x0000000081000000|  0%| F|  |TAMS 0x0000000080f00000, 0x0000000080f00000| Untracked 
|  16|0x0000000081000000, 0x0000000081000000, 0x0000000081100000|  0%| F|  |TAMS 0x0000000081000000, 0x0000000081000000| Untracked 
|  17|0x0000000081100000, 0x0000000081100000, 0x0000000081200000|  0%| F|  |TAMS 0x0000000081100000, 0x0000000081100000| Untracked 
|  18|0x0000000081200000, 0x0000000081200000, 0x0000000081300000|  0%| F|  |TAMS 0x0000000081200000, 0x0000000081200000| Untracked 
|  19|0x0000000081300000, 0x0000000081300000, 0x0000000081400000|  0%| F|  |TAMS 0x0000000081300000, 0x0000000081300000| Untracked 
|  20|0x0000000081400000, 0x0000000081400000, 0x0000000081500000|  0%| F|  |TAMS 0x0000000081400000, 0x0000000081400000| Untracked 
|  21|0x0000000081500000, 0x0000000081500000, 0x0000000081600000|  0%| F|  |TAMS 0x0000000081500000, 0x0000000081500000| Untracked 
|  22|0x0000000081600000, 0x0000000081600000, 0x0000000081700000|  0%| F|  |TAMS 0x0000000081600000, 0x0000000081600000| Untracked 
|  23|0x0000000081700000, 0x0000000081700000, 0x0000000081800000|  0%| F|  |TAMS 0x0000000081700000, 0x0000000081700000| Untracked 
|  24|0x0000000081800000, 0x0000000081800000, 0x0000000081900000|  0%| F|  |TAMS 0x0000000081800000, 0x0000000081800000| Untracked 
|  25|0x0000000081900000, 0x0000000081900000, 0x0000000081a00000|  0%| F|  |TAMS 0x0000000081900000, 0x0000000081900000| Untracked 
|  26|0x0000000081a00000, 0x0000000081a00000, 0x0000000081b00000|  0%| F|  |TAMS 0x0000000081a00000, 0x0000000081a00000| Untracked 
|  27|0x0000000081b00000, 0x0000000081b00000, 0x0000000081c00000|  0%| F|  |TAMS 0x0000000081b00000, 0x0000000081b00000| Untracked 
|  28|0x0000000081c00000, 0x0000000081c00000, 0x0000000081d00000|  0%| F|  |TAMS 0x0000000081c00000, 0x0000000081c00000| Untracked 
|  29|0x0000000081d00000, 0x0000000081d00000, 0x0000000081e00000|  0%| F|  |TAMS 0x0000000081d00000, 0x0000000081d00000| Untracked 
|  30|0x0000000081e00000, 0x0000000081e00000, 0x0000000081f00000|  0%| F|  |TAMS 0x0000000081e00000, 0x0000000081e00000| Untracked 
|  31|0x0000000081f00000, 0x0000000081f00000, 0x0000000082000000|  0%| F|  |TAMS 0x0000000081f00000, 0x0000000081f00000| Untracked 
|  32|0x0000000082000000, 0x0000000082000000, 0x0000000082100000|  0%| F|  |TAMS 0x0000000082000000, 0x0000000082000000| Untracked 
|  33|0x0000000082100000, 0x0000000082100000, 0x0000000082200000|  0%| F|  |TAMS 0x0000000082100000, 0x0000000082100000| Untracked 
|  34|0x0000000082200000, 0x0000000082200000, 0x0000000082300000|  0%| F|  |TAMS 0x0000000082200000, 0x0000000082200000| Untracked 
|  35|0x0000000082300000, 0x0000000082300000, 0x0000000082400000|  0%| F|  |TAMS 0x0000000082300000, 0x0000000082300000| Untracked 
|  36|0x0000000082400000, 0x0000000082400000, 0x0000000082500000|  0%| F|  |TAMS 0x0000000082400000, 0x0000000082400000| Untracked 
|  37|0x0000000082500000, 0x0000000082500000, 0x0000000082600000|  0%| F|  |TAMS 0x0000000082500000, 0x0000000082500000| Untracked 
|  38|0x0000000082600000, 0x0000000082600000, 0x0000000082700000|  0%| F|  |TAMS 0x0000000082600000, 0x0000000082600000| Untracked 
|  39|0x0000000082700000, 0x0000000082700000, 0x0000000082800000|  0%| F|  |TAMS 0x0000000082700000, 0x0000000082700000| Untracked 
|  40|0x0000000082800000, 0x0000000082800000, 0x0000000082900000|  0%| F|  |TAMS 0x0000000082800000, 0x0000000082800000| Untracked 
|  41|0x0000000082900000, 0x0000000082900000, 0x0000000082a00000|  0%| F|  |TAMS 0x0000000082900000, 0x0000000082900000| Untracked 
|  42|0x0000000082a00000, 0x0000000082a00000, 0x0000000082b00000|  0%| F|  |TAMS 0x0000000082a00000, 0x0000000082a00000| Untracked 
|  43|0x0000000082b00000, 0x0000000082b00000, 0x0000000082c00000|  0%| F|  |TAMS 0x0000000082b00000, 0x0000000082b00000| Untracked 
|  44|0x0000000082c00000, 0x0000000082c00000, 0x0000000082d00000|  0%| F|  |TAMS 0x0000000082c00000, 0x0000000082c00000| Untracked 
|  45|0x0000000082d00000, 0x0000000082d00000, 0x0000000082e00000|  0%| F|  |TAMS 0x0000000082d00000, 0x0000000082d00000| Untracked 
|  46|0x0000000082e00000, 0x0000000082e00000, 0x0000000082f00000|  0%| F|  |TAMS 0x0000000082e00000, 0x0000000082e00000| Untracked 
|  47|0x0000000082f00000, 0x0000000082f00000, 0x0000000083000000|  0%| F|  |TAMS 0x0000000082f00000, 0x0000000082f00000| Untracked 
|  48|0x0000000083000000, 0x0000000083000000, 0x0000000083100000|  0%| F|  |TAMS 0x0000000083000000, 0x0000000083000000| Untracked 
|  49|0x0000000083100000, 0x0000000083100000, 0x0000000083200000|  0%| F|  |TAMS 0x0000000083100000, 0x0000000083100000| Untracked 
|  50|0x0000000083200000, 0x0000000083200000, 0x0000000083300000|  0%| F|  |TAMS 0x0000000083200000, 0x0000000083200000| Untracked 
|  51|0x0000000083300000, 0x0000000083300000, 0x0000000083400000|  0%| F|  |TAMS 0x0000000083300000, 0x0000000083300000| Untracked 
|  52|0x0000000083400000, 0x0000000083400000, 0x0000000083500000|  0%| F|  |TAMS 0x0000000083400000, 0x0000000083400000| Untracked 
|  53|0x0000000083500000, 0x0000000083500000, 0x0000000083600000|  0%| F|  |TAMS 0x0000000083500000, 0x0000000083500000| Untracked 
|  54|0x0000000083600000, 0x0000000083600000, 0x0000000083700000|  0%| F|  |TAMS 0x0000000083600000, 0x0000000083600000| Untracked 
|  55|0x0000000083700000, 0x0000000083700000, 0x0000000083800000|  0%| F|  |TAMS 0x0000000083700000, 0x0000000083700000| Untracked 
|  56|0x0000000083800000, 0x0000000083800000, 0x0000000083900000|  0%| F|  |TAMS 0x0000000083800000, 0x0000000083800000| Untracked 
|  57|0x0000000083900000, 0x0000000083900000, 0x0000000083a00000|  0%| F|  |TAMS 0x0000000083900000, 0x0000000083900000| Untracked 
|  58|0x0000000083a00000, 0x0000000083a00000, 0x0000000083b00000|  0%| F|  |TAMS 0x0000000083a00000, 0x0000000083a00000| Untracked 
|  59|0x0000000083b00000, 0x0000000083b00000, 0x0000000083c00000|  0%| F|  |TAMS 0x0000000083b00000, 0x0000000083b00000| Untracked 
|  60|0x0000000083c00000, 0x0000000083c00000, 0x0000000083d00000|  0%| F|  |TAMS 0x0000000083c00000, 0x0000000083c00000| Untracked 
|  61|0x0000000083d00000, 0x0000000083d00000, 0x0000000083e00000|  0%| F|  |TAMS 0x0000000083d00000, 0x0000000083d00000| Untracked 
|  62|0x0000000083e00000, 0x0000000083e00000, 0x0000000083f00000|  0%| F|  |TAMS 0x0000000083e00000, 0x0000000083e00000| Untracked 
|  63|0x0000000083f00000, 0x0000000083f00000, 0x0000000084000000|  0%| F|  |TAMS 0x0000000083f00000, 0x0000000083f00000| Untracked 
|  64|0x0000000084000000, 0x0000000084000000, 0x0000000084100000|  0%| F|  |TAMS 0x0000000084000000, 0x0000000084000000| Untracked 
|  65|0x0000000084100000, 0x0000000084100000, 0x0000000084200000|  0%| F|  |TAMS 0x0000000084100000, 0x0000000084100000| Untracked 
|  66|0x0000000084200000, 0x0000000084200000, 0x0000000084300000|  0%| F|  |TAMS 0x0000000084200000, 0x0000000084200000| Untracked 
|  67|0x0000000084300000, 0x0000000084300000, 0x0000000084400000|  0%| F|  |TAMS 0x0000000084300000, 0x0000000084300000| Untracked 
|  68|0x0000000084400000, 0x0000000084400000, 0x0000000084500000|  0%| F|  |TAMS 0x0000000084400000, 0x0000000084400000| Untracked 
|  69|0x0000000084500000, 0x0000000084500000, 0x0000000084600000|  0%| F|  |TAMS 0x0000000084500000, 0x0000000084500000| Untracked 
|  70|0x0000000084600000, 0x0000000084600000, 0x0000000084700000|  0%| F|  |TAMS 0x0000000084600000, 0x0000000084600000| Untracked 
|  71|0x0000000084700000, 0x0000000084700000, 0x0000000084800000|  0%| F|  |TAMS 0x0000000084700000, 0x0000000084700000| Untracked 
|  72|0x0000000084800000, 0x0000000084800000, 0x0000000084900000|  0%| F|  |TAMS 0x0000000084800000, 0x0000000084800000| Untracked 
|  73|0x0000000084900000, 0x0000000084900000, 0x0000000084a00000|  0%| F|  |TAMS 0x0000000084900000, 0x0000000084900000| Untracked 
|  74|0x0000000084a00000, 0x0000000084a00000, 0x0000000084b00000|  0%| F|  |TAMS 0x0000000084a00000, 0x0000000084a00000| Untracked 
|  75|0x0000000084b00000, 0x0000000084b00000, 0x0000000084c00000|  0%| F|  |TAMS 0x0000000084b00000, 0x0000000084b00000| Untracked 
|  76|0x0000000084c00000, 0x0000000084c00000, 0x0000000084d00000|  0%| F|  |TAMS 0x0000000084c00000, 0x0000000084c00000| Untracked 
|  77|0x0000000084d00000, 0x0000000084d00000, 0x0000000084e00000|  0%| F|  |TAMS 0x0000000084d00000, 0x0000000084d00000| Untracked 
|  78|0x0000000084e00000, 0x0000000084e00000, 0x0000000084f00000|  0%| F|  |TAMS 0x0000000084e00000, 0x0000000084e00000| Untracked 
|  79|0x0000000084f00000, 0x0000000084f00000, 0x0000000085000000|  0%| F|  |TAMS 0x0000000084f00000, 0x0000000084f00000| Untracked 
|  80|0x0000000085000000, 0x0000000085000000, 0x0000000085100000|  0%| F|  |TAMS 0x0000000085000000, 0x0000000085000000| Untracked 
|  81|0x0000000085100000, 0x0000000085100000, 0x0000000085200000|  0%| F|  |TAMS 0x0000000085100000, 0x0000000085100000| Untracked 
|  82|0x0000000085200000, 0x0000000085200000, 0x0000000085300000|  0%| F|  |TAMS 0x0000000085200000, 0x0000000085200000| Untracked 
|  83|0x0000000085300000, 0x0000000085300000, 0x0000000085400000|  0%| F|  |TAMS 0x0000000085300000, 0x0000000085300000| Untracked 
|  84|0x0000000085400000, 0x0000000085400000, 0x0000000085500000|  0%| F|  |TAMS 0x0000000085400000, 0x0000000085400000| Untracked 
|  85|0x0000000085500000, 0x0000000085500000, 0x0000000085600000|  0%| F|  |TAMS 0x0000000085500000, 0x0000000085500000| Untracked 
|  86|0x0000000085600000, 0x0000000085600000, 0x0000000085700000|  0%| F|  |TAMS 0x0000000085600000, 0x0000000085600000| Untracked 
|  87|0x0000000085700000, 0x0000000085700000, 0x0000000085800000|  0%| F|  |TAMS 0x0000000085700000, 0x0000000085700000| Untracked 
|  88|0x0000000085800000, 0x0000000085800000, 0x0000000085900000|  0%| F|  |TAMS 0x0000000085800000, 0x0000000085800000| Untracked 
|  89|0x0000000085900000, 0x0000000085900000, 0x0000000085a00000|  0%| F|  |TAMS 0x0000000085900000, 0x0000000085900000| Untracked 
|  90|0x0000000085a00000, 0x0000000085a00000, 0x0000000085b00000|  0%| F|  |TAMS 0x0000000085a00000, 0x0000000085a00000| Untracked 
|  91|0x0000000085b00000, 0x0000000085b00000, 0x0000000085c00000|  0%| F|  |TAMS 0x0000000085b00000, 0x0000000085b00000| Untracked 
|  92|0x0000000085c00000, 0x0000000085c80000, 0x0000000085d00000| 50%| S|CS|TAMS 0x0000000085c00000, 0x0000000085c00000| Complete 
|  93|0x0000000085d00000, 0x0000000085e00000, 0x0000000085e00000|100%| S|CS|TAMS 0x0000000085d00000, 0x0000000085d00000| Complete 
|  94|0x0000000085e00000, 0x0000000085f00000, 0x0000000085f00000|100%| S|CS|TAMS 0x0000000085e00000, 0x0000000085e00000| Complete 
|  95|0x0000000085f00000, 0x0000000086000000, 0x0000000086000000|100%| S|CS|TAMS 0x0000000085f00000, 0x0000000085f00000| Complete 
|  96|0x0000000086000000, 0x0000000086100000, 0x0000000086100000|100%| S|CS|TAMS 0x0000000086000000, 0x0000000086000000| Complete 
|  97|0x0000000086100000, 0x0000000086200000, 0x0000000086200000|100%| S|CS|TAMS 0x0000000086100000, 0x0000000086100000| Complete 
|  98|0x0000000086200000, 0x0000000086300000, 0x0000000086300000|100%| S|CS|TAMS 0x0000000086200000, 0x0000000086200000| Complete 
|  99|0x0000000086300000, 0x0000000086400000, 0x0000000086400000|100%| S|CS|TAMS 0x0000000086300000, 0x0000000086300000| Complete 
| 100|0x0000000086400000, 0x0000000086400000, 0x0000000086500000|  0%| F|  |TAMS 0x0000000086400000, 0x0000000086400000| Untracked 
| 101|0x0000000086500000, 0x0000000086500000, 0x0000000086600000|  0%| F|  |TAMS 0x0000000086500000, 0x0000000086500000| Untracked 
| 102|0x0000000086600000, 0x0000000086600000, 0x0000000086700000|  0%| F|  |TAMS 0x0000000086600000, 0x0000000086600000| Untracked 
| 103|0x0000000086700000, 0x0000000086700000, 0x0000000086800000|  0%| F|  |TAMS 0x0000000086700000, 0x0000000086700000| Untracked 
| 104|0x0000000086800000, 0x0000000086800000, 0x0000000086900000|  0%| F|  |TAMS 0x0000000086800000, 0x0000000086800000| Untracked 
| 105|0x0000000086900000, 0x0000000086900000, 0x0000000086a00000|  0%| F|  |TAMS 0x0000000086900000, 0x0000000086900000| Untracked 
| 106|0x0000000086a00000, 0x0000000086a00000, 0x0000000086b00000|  0%| F|  |TAMS 0x0000000086a00000, 0x0000000086a00000| Untracked 
| 107|0x0000000086b00000, 0x0000000086b00000, 0x0000000086c00000|  0%| F|  |TAMS 0x0000000086b00000, 0x0000000086b00000| Untracked 
| 108|0x0000000086c00000, 0x0000000086c00000, 0x0000000086d00000|  0%| F|  |TAMS 0x0000000086c00000, 0x0000000086c00000| Untracked 
| 109|0x0000000086d00000, 0x0000000086d00000, 0x0000000086e00000|  0%| F|  |TAMS 0x0000000086d00000, 0x0000000086d00000| Untracked 
| 110|0x0000000086e00000, 0x0000000086e00000, 0x0000000086f00000|  0%| F|  |TAMS 0x0000000086e00000, 0x0000000086e00000| Untracked 
| 111|0x0000000086f00000, 0x0000000086f00000, 0x0000000087000000|  0%| F|  |TAMS 0x0000000086f00000, 0x0000000086f00000| Untracked 
| 112|0x0000000087000000, 0x0000000087000000, 0x0000000087100000|  0%| F|  |TAMS 0x0000000087000000, 0x0000000087000000| Untracked 
| 113|0x0000000087100000, 0x0000000087100000, 0x0000000087200000|  0%| F|  |TAMS 0x0000000087100000, 0x0000000087100000| Untracked 
| 114|0x0000000087200000, 0x0000000087200000, 0x0000000087300000|  0%| F|  |TAMS 0x0000000087200000, 0x0000000087200000| Untracked 
| 115|0x0000000087300000, 0x0000000087300000, 0x0000000087400000|  0%| F|  |TAMS 0x0000000087300000, 0x0000000087300000| Untracked 
| 116|0x0000000087400000, 0x0000000087400000, 0x0000000087500000|  0%| F|  |TAMS 0x0000000087400000, 0x0000000087400000| Untracked 
| 117|0x0000000087500000, 0x0000000087500000, 0x0000000087600000|  0%| F|  |TAMS 0x0000000087500000, 0x0000000087500000| Untracked 
| 118|0x0000000087600000, 0x0000000087600000, 0x0000000087700000|  0%| F|  |TAMS 0x0000000087600000, 0x0000000087600000| Untracked 
| 119|0x0000000087700000, 0x0000000087700000, 0x0000000087800000|  0%| F|  |TAMS 0x0000000087700000, 0x0000000087700000| Untracked 
| 120|0x0000000087800000, 0x0000000087800000, 0x0000000087900000|  0%| F|  |TAMS 0x0000000087800000, 0x0000000087800000| Untracked 
| 121|0x0000000087900000, 0x0000000087900000, 0x0000000087a00000|  0%| F|  |TAMS 0x0000000087900000, 0x0000000087900000| Untracked 
| 122|0x0000000087a00000, 0x0000000087a00000, 0x0000000087b00000|  0%| F|  |TAMS 0x0000000087a00000, 0x0000000087a00000| Untracked 
| 123|0x0000000087b00000, 0x0000000087b00000, 0x0000000087c00000|  0%| F|  |TAMS 0x0000000087b00000, 0x0000000087b00000| Untracked 
| 124|0x0000000087c00000, 0x0000000087c00000, 0x0000000087d00000|  0%| F|  |TAMS 0x0000000087c00000, 0x0000000087c00000| Untracked 
| 125|0x0000000087d00000, 0x0000000087d00000, 0x0000000087e00000|  0%| F|  |TAMS 0x0000000087d00000, 0x0000000087d00000| Untracked 
| 126|0x0000000087e00000, 0x0000000087e00000, 0x0000000087f00000|  0%| F|  |TAMS 0x0000000087e00000, 0x0000000087e00000| Untracked 
| 127|0x0000000087f00000, 0x0000000087f00000, 0x0000000088000000|  0%| F|  |TAMS 0x0000000087f00000, 0x0000000087f00000| Untracked 
| 128|0x0000000088000000, 0x0000000088000000, 0x0000000088100000|  0%| F|  |TAMS 0x0000000088000000, 0x0000000088000000| Untracked 
| 129|0x0000000088100000, 0x0000000088100000, 0x0000000088200000|  0%| F|  |TAMS 0x0000000088100000, 0x0000000088100000| Untracked 
| 130|0x0000000088200000, 0x0000000088200000, 0x0000000088300000|  0%| F|  |TAMS 0x0000000088200000, 0x0000000088200000| Untracked 
| 131|0x0000000088300000, 0x0000000088300000, 0x0000000088400000|  0%| F|  |TAMS 0x0000000088300000, 0x0000000088300000| Untracked 
| 132|0x0000000088400000, 0x0000000088400000, 0x0000000088500000|  0%| F|  |TAMS 0x0000000088400000, 0x0000000088400000| Untracked 
| 133|0x0000000088500000, 0x0000000088500000, 0x0000000088600000|  0%| F|  |TAMS 0x0000000088500000, 0x0000000088500000| Untracked 
| 134|0x0000000088600000, 0x0000000088600000, 0x0000000088700000|  0%| F|  |TAMS 0x0000000088600000, 0x0000000088600000| Untracked 
| 135|0x0000000088700000, 0x0000000088700000, 0x0000000088800000|  0%| F|  |TAMS 0x0000000088700000, 0x0000000088700000| Untracked 
| 136|0x0000000088800000, 0x0000000088800000, 0x0000000088900000|  0%| F|  |TAMS 0x0000000088800000, 0x0000000088800000| Untracked 
| 137|0x0000000088900000, 0x0000000088900000, 0x0000000088a00000|  0%| F|  |TAMS 0x0000000088900000, 0x0000000088900000| Untracked 
| 138|0x0000000088a00000, 0x0000000088a00000, 0x0000000088b00000|  0%| F|  |TAMS 0x0000000088a00000, 0x0000000088a00000| Untracked 
| 139|0x0000000088b00000, 0x0000000088b00000, 0x0000000088c00000|  0%| F|  |TAMS 0x0000000088b00000, 0x0000000088b00000| Untracked 
| 140|0x0000000088c00000, 0x0000000088c00000, 0x0000000088d00000|  0%| F|  |TAMS 0x0000000088c00000, 0x0000000088c00000| Untracked 
| 141|0x0000000088d00000, 0x0000000088d00000, 0x0000000088e00000|  0%| F|  |TAMS 0x0000000088d00000, 0x0000000088d00000| Untracked 
| 142|0x0000000088e00000, 0x0000000088e00000, 0x0000000088f00000|  0%| F|  |TAMS 0x0000000088e00000, 0x0000000088e00000| Untracked 
| 143|0x0000000088f00000, 0x0000000088f00000, 0x0000000089000000|  0%| F|  |TAMS 0x0000000088f00000, 0x0000000088f00000| Untracked 
| 144|0x0000000089000000, 0x0000000089000000, 0x0000000089100000|  0%| F|  |TAMS 0x0000000089000000, 0x0000000089000000| Untracked 
| 145|0x0000000089100000, 0x0000000089100000, 0x0000000089200000|  0%| F|  |TAMS 0x0000000089100000, 0x0000000089100000| Untracked 
| 146|0x0000000089200000, 0x0000000089200000, 0x0000000089300000|  0%| F|  |TAMS 0x0000000089200000, 0x0000000089200000| Untracked 
| 147|0x0000000089300000, 0x0000000089300000, 0x0000000089400000|  0%| F|  |TAMS 0x0000000089300000, 0x0000000089300000| Untracked 
| 148|0x0000000089400000, 0x0000000089400000, 0x0000000089500000|  0%| F|  |TAMS 0x0000000089400000, 0x0000000089400000| Untracked 
| 149|0x0000000089500000, 0x0000000089500000, 0x0000000089600000|  0%| F|  |TAMS 0x0000000089500000, 0x0000000089500000| Untracked 
| 150|0x0000000089600000, 0x0000000089600000, 0x0000000089700000|  0%| F|  |TAMS 0x0000000089600000, 0x0000000089600000| Untracked 
| 151|0x0000000089700000, 0x0000000089700000, 0x0000000089800000|  0%| F|  |TAMS 0x0000000089700000, 0x0000000089700000| Untracked 
| 152|0x0000000089800000, 0x0000000089800000, 0x0000000089900000|  0%| F|  |TAMS 0x0000000089800000, 0x0000000089800000| Untracked 
| 153|0x0000000089900000, 0x0000000089900000, 0x0000000089a00000|  0%| F|  |TAMS 0x0000000089900000, 0x0000000089900000| Untracked 

Card table byte_map: [0x00000248f5d00000,0x00000248f6100000] _byte_map_base: 0x00000248f5900000

Marking Bits (Prev, Next): (CMBitMap*) 0x00000248ee70a370, (CMBitMap*) 0x00000248ee70a338
 Prev Bits: [0x00000248f8500000, 0x00000248fa500000)
 Next Bits: [0x00000248f6500000, 0x00000248f8500000)

Polling page: 0x00000248ec840000

Metaspace:

Usage:
  Non-class:     27.17 MB capacity,    26.51 MB ( 98%) used,   559.73 KB (  2%) free+waste,   114.88 KB ( <1%) overhead. 
      Class:      4.19 MB capacity,     3.78 MB ( 90%) used,   362.33 KB (  8%) free+waste,    59.69 KB (  1%) overhead. 
       Both:     31.37 MB capacity,    30.30 MB ( 97%) used,   922.05 KB (  3%) free+waste,   174.56 KB ( <1%) overhead. 

Virtual space:
  Non-class space:       38.00 MB reserved,      27.17 MB ( 72%) committed 
      Class space:        1.00 GB reserved,       4.25 MB ( <1%) committed 
             Both:        1.04 GB reserved,      31.42 MB (  3%) committed 

Chunk freelists:
   Non-Class:  0 bytes
       Class:  0 bytes
        Both:  0 bytes

CodeHeap 'non-profiled nmethods': size=239488Kb used=4794Kb max_used=4794Kb free=234693Kb
 bounds [0x0000024880620000, 0x0000024880ad0000, 0x000002488f000000]
CodeHeap 'non-nmethods': size=6272Kb used=1129Kb max_used=1129Kb free=5142Kb
 bounds [0x0000024880000000, 0x0000024880270000, 0x0000024880620000]
 total_blobs=3579 nmethods=3130 adapters=374
 compilation: enabled
              stopped_count=0, restarted_count=0
 full_count=0

Compilation events (10 events):
Event: 4.761 Thread 0x00000248fc93c000 3124       1       org.springframework.boot.context.properties.bind.Binder$Context::access$000 (5 bytes)
Event: 4.761 Thread 0x00000248fc93c000 nmethod 3124 0x0000024880acd710 code [0x0000024880acd8a0, 0x0000024880acd938]
Event: 4.770 Thread 0x00000248fc93c000 3127       1       java.lang.System::getProperty (25 bytes)
Event: 4.770 Thread 0x00000248fc93c000 nmethod 3127 0x0000024880acda10 code [0x0000024880acdc00, 0x0000024880acdea8]
Event: 4.775 Thread 0x00000248fc93c000 3128       1       java.lang.invoke.MemberName::equals (24 bytes)
Event: 4.775 Thread 0x00000248fc93c000 nmethod 3128 0x0000024880ace010 code [0x0000024880ace1a0, 0x0000024880ace308]
Event: 4.781 Thread 0x00000248fc93c000 3129       1       java.lang.invoke.ClassSpecializer$SpeciesData::getterFunctions (5 bytes)
Event: 4.781 Thread 0x00000248fc93c000 nmethod 3129 0x0000024880ace390 code [0x0000024880ace520, 0x0000024880ace5d8]
Event: 4.781 Thread 0x00000248fc93c000 3130       1       java.util.Arrays::fill (28 bytes)
Event: 4.781 Thread 0x00000248fc93c000 nmethod 3130 0x0000024880ace690 code [0x0000024880ace840, 0x0000024880acea28]

GC Heap History (10 events):
Event: 1.540 GC heap after
{Heap after GC invocations=4 (full 0):
 garbage-first heap   total 131072K, used 7020K [0x0000000080000000, 0x0000000100000000)
  region size 1024K, 3 young (3072K), 3 survivors (3072K)
 Metaspace       used 14245K, capacity 14621K, committed 14848K, reserved 1062912K
  class space    used 1555K, capacity 1677K, committed 1792K, reserved 1048576K
}
Event: 1.977 GC heap before
{Heap before GC invocations=4 (full 0):
 garbage-first heap   total 131072K, used 31596K [0x0000000080000000, 0x0000000100000000)
  region size 1024K, 27 young (27648K), 3 survivors (3072K)
 Metaspace       used 18545K, capacity 19095K, committed 19328K, reserved 1067008K
  class space    used 2110K, capacity 2307K, committed 2432K, reserved 1048576K
}
Event: 1.990 GC heap after
{Heap after GC invocations=5 (full 0):
 garbage-first heap   total 157696K, used 7919K [0x0000000080000000, 0x0000000100000000)
  region size 1024K, 3 young (3072K), 3 survivors (3072K)
 Metaspace       used 18545K, capacity 19095K, committed 19328K, reserved 1067008K
  class space    used 2110K, capacity 2307K, committed 2432K, reserved 1048576K
}
Event: 2.294 GC heap before
{Heap before GC invocations=5 (full 0):
 garbage-first heap   total 157696K, used 22255K [0x0000000080000000, 0x0000000100000000)
  region size 1024K, 18 young (18432K), 3 survivors (3072K)
 Metaspace       used 20589K, capacity 21144K, committed 21296K, reserved 1069056K
  class space    used 2403K, capacity 2634K, committed 2688K, reserved 1048576K
}
Event: 2.307 GC heap after
{Heap after GC invocations=6 (full 0):
 garbage-first heap   total 157696K, used 8417K [0x0000000080000000, 0x0000000100000000)
  region size 1024K, 3 young (3072K), 3 survivors (3072K)
 Metaspace       used 20589K, capacity 21144K, committed 21296K, reserved 1069056K
  class space    used 2403K, capacity 2634K, committed 2688K, reserved 1048576K
}
Event: 2.696 GC heap before
{Heap before GC invocations=7 (full 0):
 garbage-first heap   total 157696K, used 62689K [0x0000000080000000, 0x0000000100000000)
  region size 1024K, 57 young (58368K), 3 survivors (3072K)
 Metaspace       used 21690K, capacity 22276K, committed 22448K, reserved 1069056K
  class space    used 2552K, capacity 2799K, committed 2816K, reserved 1048576K
}
Event: 2.709 GC heap after
{Heap after GC invocations=8 (full 0):
 garbage-first heap   total 157696K, used 9554K [0x0000000080000000, 0x0000000100000000)
  region size 1024K, 4 young (4096K), 4 survivors (4096K)
 Metaspace       used 21690K, capacity 22276K, committed 22448K, reserved 1069056K
  class space    used 2552K, capacity 2799K, committed 2816K, reserved 1048576K
}
Event: 4.405 GC heap before
{Heap before GC invocations=8 (full 0):
 garbage-first heap   total 157696K, used 81234K [0x0000000080000000, 0x0000000100000000)
  region size 1024K, 74 young (75776K), 4 survivors (4096K)
 Metaspace       used 29509K, capacity 30549K, committed 30640K, reserved 1075200K
  class space    used 3661K, capacity 4088K, committed 4096K, reserved 1048576K
}
Event: 4.432 GC heap after
{Heap after GC invocations=9 (full 0):
 garbage-first heap   total 157696K, used 13341K [0x0000000080000000, 0x0000000100000000)
  region size 1024K, 8 young (8192K), 8 survivors (8192K)
 Metaspace       used 29509K, capacity 30549K, committed 30640K, reserved 1075200K
  class space    used 3661K, capacity 4088K, committed 4096K, reserved 1048576K
}
Event: 4.782 GC heap before
{Heap before GC invocations=9 (full 0):
 garbage-first heap   total 157696K, used 66589K [0x0000000080000000, 0x0000000100000000)
  region size 1024K, 62 young (63488K), 8 survivors (8192K)
 Metaspace       used 31022K, capacity 32119K, committed 32176K, reserved 1087488K
  class space    used 3872K, capacity 4295K, committed 4352K, reserved 1048576K
}

Deoptimization events (0 events):
No events

Classes redefined (0 events):
No events

Internal exceptions (10 events):
Event: 3.932 Thread 0x00000248ee6cd800 Exception <a 'java/lang/NoSuchMethodError'{0x0000000086388258}: java.lang.invoke.DelegatingMethodHandle$Holder.delegate(Ljava/lang/Object;Ljava/lang/Object;ILjava/lang/Object;)V> (0x0000000086388258) thrown at [./open/src/hotspot/share/interpreter/linkRes
Event: 3.960 Thread 0x00000248ee6cd800 Exception <a 'java/lang/NoSuchMethodError'{0x000000008629a8e8}: java.lang.invoke.DirectMethodHandle$Holder.invokeInterface(Ljava/lang/Object;Ljava/lang/Object;I)V> (0x000000008629a8e8) thrown at [./open/src/hotspot/share/interpreter/linkResolver.cpp, line
Event: 3.962 Thread 0x00000248ee6cd800 Exception <a 'java/lang/NoSuchMethodError'{0x00000000862b3238}: java.lang.invoke.DirectMethodHandle$Holder.invokeVirtual(Ljava/lang/Object;Ljava/lang/Object;)I> (0x00000000862b3238) thrown at [./open/src/hotspot/share/interpreter/linkResolver.cpp, line 77
Event: 3.966 Thread 0x00000248ee6cd800 Exception <a 'java/lang/IncompatibleClassChangeError'{0x00000000862e8e18}: Found class java.lang.Object, but interface was expected> (0x00000000862e8e18) thrown at [./open/src/hotspot/share/interpreter/linkResolver.cpp, line 838]
Event: 3.966 Thread 0x00000248ee6cd800 Exception <a 'java/lang/NoSuchMethodError'{0x00000000862edcb8}: java.lang.invoke.DirectMethodHandle$Holder.invokeStatic(Ljava/lang/Object;ILjava/lang/Object;)V> (0x00000000862edcb8) thrown at [./open/src/hotspot/share/interpreter/linkResolver.cpp, line 77
Event: 4.086 Thread 0x00000248ee6cd800 Exception <a 'java/lang/NoSuchMethodError'{0x00000000859b73f0}: java.lang.invoke.DirectMethodHandle$Holder.invokeStaticInit(Ljava/lang/Object;IIII)Ljava/lang/Object;> (0x00000000859b73f0) thrown at [./open/src/hotspot/share/interpreter/linkResolver.cpp, l
Event: 4.197 Thread 0x00000248ee6cd800 Exception <a 'java/lang/NoSuchMethodError'{0x0000000085822788}: java.lang.invoke.DirectMethodHandle$Holder.invokeStaticInit(Ljava/lang/Object;Ljava/lang/Object;IIII)Ljava/lang/Object;> (0x0000000085822788) thrown at [./open/src/hotspot/share/interpreter/l
Event: 4.614 Thread 0x00000248ee6cd800 Exception <a 'java/io/FileNotFoundException'{0x0000000086fef710}> (0x0000000086fef710) thrown at [./open/src/hotspot/share/prims/jni.cpp, line 611]
Event: 4.651 Thread 0x00000248ee6cd800 Exception <a 'java/lang/NoSuchMethodError'{0x0000000086cb4fc8}: java.lang.invoke.DirectMethodHandle$Holder.invokeInterface(Ljava/lang/Object;Ljava/lang/Object;Ljava/lang/Object;Ljava/lang/Object;)I> (0x0000000086cb4fc8) thrown at [./open/src/hotspot/share
Event: 4.711 Thread 0x00000248ee6cd800 Exception <a 'java/io/FileNotFoundException'{0x000000008699a3e8}> (0x000000008699a3e8) thrown at [./open/src/hotspot/share/prims/jni.cpp, line 611]

Events (10 events):
Event: 4.774 loading class com/mysql/cj/jdbc/AbandonedConnectionCleanupThread
Event: 4.774 loading class com/mysql/cj/jdbc/AbandonedConnectionCleanupThread done
Event: 4.775 loading class java/util/concurrent/Executors$FinalizableDelegatedExecutorService
Event: 4.778 loading class java/util/concurrent/Executors$DelegatedExecutorService
Event: 4.778 loading class java/util/concurrent/Executors$DelegatedExecutorService done
Event: 4.778 loading class java/util/concurrent/Executors$FinalizableDelegatedExecutorService done
Event: 4.778 Thread 0x00000248ff2f6000 Thread added: 0x00000248ff2f6000
Event: 4.779 loading class java/sql/Driver
Event: 4.779 loading class java/sql/Driver done
Event: 4.782 Executing VM operation: CollectForMetadataAllocation


Dynamic libraries:
0x00007ff71c0d0000 - 0x00007ff71c0df000 	C:\Program Files\Java\jdk-11.0.13\bin\java.exe
0x00007fff12650000 - 0x00007fff12847000 	C:\Windows\SYSTEM32\ntdll.dll
0x00007fff106b0000 - 0x00007fff1076d000 	C:\Windows\System32\KERNEL32.DLL
0x00007fff0fde0000 - 0x00007fff100ad000 	C:\Windows\System32\KERNELBASE.dll
0x00007fff10280000 - 0x00007fff10380000 	C:\Windows\System32\ucrtbase.dll
0x00007ffefe140000 - 0x00007ffefe158000 	C:\Program Files\Java\jdk-11.0.13\bin\jli.dll
0x00007fff11620000 - 0x00007fff116ce000 	C:\Windows\System32\ADVAPI32.dll
0x00007fff11880000 - 0x00007fff1191e000 	C:\Windows\System32\msvcrt.dll
0x00007fff12570000 - 0x00007fff1260c000 	C:\Windows\System32\sechost.dll
0x00007fff119a0000 - 0x00007fff11ac5000 	C:\Windows\System32\RPCRT4.dll
0x00007fff116d0000 - 0x00007fff11870000 	C:\Windows\System32\USER32.dll
0x00007fff10250000 - 0x00007fff10272000 	C:\Windows\System32\win32u.dll
0x00007fff12310000 - 0x00007fff1233a000 	C:\Windows\System32\GDI32.dll
0x00007fff10440000 - 0x00007fff1054b000 	C:\Windows\System32\gdi32full.dll
0x00007fff100b0000 - 0x00007fff1014d000 	C:\Windows\System32\msvcp_win.dll
0x00007ffefe120000 - 0x00007ffefe135000 	C:\Program Files\Java\jdk-11.0.13\bin\VCRUNTIME140.dll
0x00007ffefaf70000 - 0x00007ffefb20a000 	C:\Windows\WinSxS\amd64_microsoft.windows.common-controls_6595b64144ccf1df_6.0.19041.1110_none_60b5254171f9507e\COMCTL32.dll
0x00007fff08330000 - 0x00007fff0833a000 	C:\Windows\SYSTEM32\VERSION.dll
0x00007fff11ad0000 - 0x00007fff11b00000 	C:\Windows\System32\IMM32.DLL
0x00007ffeed0e0000 - 0x00007ffeed17b000 	C:\Program Files\Java\jdk-11.0.13\bin\msvcp140.dll
0x00007ffecc490000 - 0x00007ffeccfa3000 	C:\Program Files\Java\jdk-11.0.13\bin\server\jvm.dll
0x00007fff10ec0000 - 0x00007fff10ec8000 	C:\Windows\System32\PSAPI.DLL
0x00007ffeff170000 - 0x00007ffeff179000 	C:\Windows\SYSTEM32\WSOCK32.dll
0x00007fff11920000 - 0x00007fff1198b000 	C:\Windows\System32\WS2_32.dll
0x00007ffef8bd0000 - 0x00007ffef8bf7000 	C:\Windows\SYSTEM32\WINMM.dll
0x00007fff0dc50000 - 0x00007fff0dc62000 	C:\Windows\SYSTEM32\kernel.appcore.dll
0x00007ffefe110000 - 0x00007ffefe120000 	C:\Program Files\Java\jdk-11.0.13\bin\verify.dll
0x00007fff08a40000 - 0x00007fff08c24000 	C:\Windows\SYSTEM32\DBGHELP.DLL
0x00007fff08a10000 - 0x00007fff08a3c000 	C:\Windows\SYSTEM32\dbgcore.DLL
0x00007fff103b0000 - 0x00007fff10432000 	C:\Windows\System32\bcryptPrimitives.dll
0x00007ffeed0b0000 - 0x00007ffeed0d8000 	C:\Program Files\Java\jdk-11.0.13\bin\java.dll
0x00007ffefe100000 - 0x00007ffefe10a000 	C:\Program Files\Java\jdk-11.0.13\bin\jimage.dll
0x00007ffefa5d0000 - 0x00007ffefa5e6000 	C:\Program Files\Java\jdk-11.0.13\bin\zip.dll
0x00007fff10ed0000 - 0x00007fff11614000 	C:\Windows\System32\SHELL32.dll
0x00007fff0de50000 - 0x00007fff0e5e4000 	C:\Windows\SYSTEM32\windows.storage.dll
0x00007fff11c30000 - 0x00007fff11f84000 	C:\Windows\System32\combase.dll
0x00007fff0f620000 - 0x00007fff0f64c000 	C:\Windows\SYSTEM32\Wldp.dll
0x00007fff10d30000 - 0x00007fff10ddd000 	C:\Windows\System32\SHCORE.dll
0x00007fff121d0000 - 0x00007fff12225000 	C:\Windows\System32\shlwapi.dll
0x00007fff0fcb0000 - 0x00007fff0fccf000 	C:\Windows\SYSTEM32\profapi.dll
0x00007ffef2530000 - 0x00007ffef2549000 	C:\Program Files\Java\jdk-11.0.13\bin\net.dll
0x00007fff06ce0000 - 0x00007fff06dea000 	C:\Windows\SYSTEM32\WINHTTP.dll
0x00007fff0f400000 - 0x00007fff0f46a000 	C:\Windows\system32\mswsock.dll
0x00007ffeed090000 - 0x00007ffeed0a2000 	C:\Program Files\Java\jdk-11.0.13\bin\nio.dll
0x00007fff05c40000 - 0x00007fff05c49000 	C:\Program Files\Java\jdk-11.0.13\bin\management.dll
0x00007fff05c30000 - 0x00007fff05c3b000 	C:\Program Files\Java\jdk-11.0.13\bin\management_ext.dll
0x00007ffefc0d0000 - 0x00007ffefc0e7000 	C:\Windows\system32\napinsp.dll
0x00007ffefc0b0000 - 0x00007ffefc0cb000 	C:\Windows\system32\pnrpnsp.dll
0x00007ffefc090000 - 0x00007ffefc0a5000 	C:\Windows\system32\wshbth.dll
0x00007fff08fe0000 - 0x00007fff08ffd000 	C:\Windows\system32\NLAapi.dll
0x00007fff0f110000 - 0x00007fff0f14b000 	C:\Windows\SYSTEM32\IPHLPAPI.DLL
0x00007fff0f150000 - 0x00007fff0f21b000 	C:\Windows\SYSTEM32\DNSAPI.dll
0x00007fff11870000 - 0x00007fff11878000 	C:\Windows\System32\NSI.dll
0x00007ffefc070000 - 0x00007ffefc082000 	C:\Windows\System32\winrnr.dll
0x00007fff06590000 - 0x00007fff0659a000 	C:\Windows\System32\rasadhlp.dll
0x00007fff07060000 - 0x00007fff070e0000 	C:\Windows\System32\fwpuclnt.dll
0x00007fff10380000 - 0x00007fff103a7000 	C:\Windows\System32\bcrypt.dll
0x00007fff0f660000 - 0x00007fff0f678000 	C:\Windows\SYSTEM32\CRYPTSP.dll
0x00007fff0eda0000 - 0x00007fff0edd4000 	C:\Windows\system32\rsaenh.dll
0x00007fff0fc30000 - 0x00007fff0fc5e000 	C:\Windows\SYSTEM32\USERENV.dll
0x00007fff0f590000 - 0x00007fff0f59c000 	C:\Windows\SYSTEM32\CRYPTBASE.dll
0x00007fff088a0000 - 0x00007fff088b7000 	C:\Windows\SYSTEM32\dhcpcsvc6.DLL
0x00007fff08880000 - 0x00007fff0889d000 	C:\Windows\SYSTEM32\dhcpcsvc.DLL
0x00007ffefe260000 - 0x00007ffefe26d000 	C:\Program Files\Java\jdk-11.0.13\bin\sunmscapi.dll
0x00007fff10550000 - 0x00007fff106a6000 	C:\Windows\System32\CRYPT32.dll
0x00007fff0f770000 - 0x00007fff0f797000 	C:\Windows\SYSTEM32\ncrypt.dll
0x00007fff0f730000 - 0x00007fff0f76b000 	C:\Windows\SYSTEM32\NTASN1.dll
0x00007ffef5420000 - 0x00007ffef5445000 	C:\Program Files\Java\jdk-11.0.13\bin\sunec.dll

dbghelp: loaded successfully - version: 4.0.5 - missing functions: none
symbol engine: initialized successfully - sym options: 0x614 - pdb path: .;C:\Program Files\Java\jdk-11.0.13\bin;C:\Windows\SYSTEM32;C:\Windows\WinSxS\amd64_microsoft.windows.common-controls_6595b64144ccf1df_6.0.19041.1110_none_60b5254171f9507e;C:\Program Files\Java\jdk-11.0.13\bin\server

VM Arguments:
jvm_args: -Xverify:none -XX:TieredStopAtLevel=1 
java_command: com.rama.db.SpringBootMysqldbApplication
java_class_path (initial): C:\cygwin64\home\sfjbs\group3\subhashini\Hospital-management-with-sql\target\classes;C:\Users\sfjbs\.m2\repository\org\springframework\spring-aop\5.3.19\spring-aop-5.3.19.jar;C:\Users\sfjbs\.m2\repository\org\aspectj\aspectjweaver\1.9.7\aspectjweaver-1.9.7.jar;C:\Users\sfjbs\.m2\repository\com\zaxxer\HikariCP\4.0.3\HikariCP-4.0.3.jar;C:\Users\sfjbs\.m2\repository\org\springframework\spring-jdbc\5.3.19\spring-jdbc-5.3.19.jar;C:\Users\sfjbs\.m2\repository\jakarta\transaction\jakarta.transaction-api\1.3.3\jakarta.transaction-api-1.3.3.jar;C:\Users\sfjbs\.m2\repository\jakarta\persistence\jakarta.persistence-api\2.2.3\jakarta.persistence-api-2.2.3.jar;C:\Users\sfjbs\.m2\repository\org\hibernate\hibernate-core\5.6.8.Final\hibernate-core-5.6.8.Final.jar;C:\Users\sfjbs\.m2\repository\org\jboss\logging\jboss-logging\3.4.3.Final\jboss-logging-3.4.3.Final.jar;C:\Users\sfjbs\.m2\repository\net\bytebuddy\byte-buddy\1.11.22\byte-buddy-1.11.22.jar;C:\Users\sfjbs\.m2\repository\antlr\antlr\2.7.7\antlr-2.7.7.jar;C:\Users\sfjbs\.m2\repository\org\jboss\jandex\2.4.2.Final\jandex-2.4.2.Final.jar;C:\Users\sfjbs\.m2\repository\com\fasterxml\classmate\1.5.1\classmate-1.5.1.jar;C:\Users\sfjbs\.m2\repository\org\hibernate\common\hibernate-commons-annotations\5.1.2.Final\hibernate-commons-annotations-5.1.2.Final.jar;C:\Users\sfjbs\.m2\repository\org\glassfish\jaxb\jaxb-runtime\2.3.6\jaxb-runtime-2.3.6.jar;C:\Users\sfjbs\.m2\repository\org\glassfish\jaxb\txw2\2.3.6\txw2-2.3.6.jar;C:\Users\sfjbs\.m2\repository\com\sun\istack\istack-commons-runtime\3.0.12\istack-commons-runtime-3.0.12.jar;C:\Users\sfjbs\.m2\repository\com\sun\activation\jakarta.activation\1.2.2\jakarta.activation-1.2.2.jar;C:\Users\sfjbs\.m2\repository\org\springframework\data\spring-data-jpa\2.6.4\spring-data-jpa-2.6.4.jar;C:\Users\sfjbs\.m2\repository\org\springframework\data\spring-data-commons\2.6.4\spring-data-commons-2.6.4.jar;C:\Users\sfjbs\.m2\repository\org\springframework\spring-orm\5.3.1
Launcher Type: SUN_STANDARD

[Global flags]
     bool BytecodeVerificationLocal                = false                                     {product} {command line}
     bool BytecodeVerificationRemote               = false                                     {product} {command line}
     intx CICompilerCount                          = 2                                         {product} {ergonomic}
     uint ConcGCThreads                            = 1                                         {product} {ergonomic}
     uint G1ConcRefinementThreads                  = 2                                         {product} {ergonomic}
   size_t G1HeapRegionSize                         = 1048576                                   {product} {ergonomic}
    uintx GCDrainStackTargetSize                   = 64                                        {product} {ergonomic}
   size_t InitialHeapSize                          = 134217728                                 {product} {ergonomic}
   size_t MarkStackSize                            = 4194304                                   {product} {ergonomic}
   size_t MaxHeapSize                              = 2147483648                                {product} {ergonomic}
   size_t MaxNewSize                               = 1287651328                                {product} {ergonomic}
   size_t MinHeapDeltaBytes                        = 1048576                                   {product} {ergonomic}
    uintx NonNMethodCodeHeapSize                   = 6396312                                {pd product} {ergonomic}
    uintx NonProfiledCodeHeapSize                  = 245261928                              {pd product} {ergonomic}
    uintx ProfiledCodeHeapSize                     = 0                                      {pd product} {ergonomic}
    uintx ReservedCodeCacheSize                    = 251658240                              {pd product} {ergonomic}
     bool SegmentedCodeCache                       = true                                      {product} {ergonomic}
     intx TieredStopAtLevel                        = 1                                         {product} {command line}
     bool UseCompressedClassPointers               = true                                 {lp64_product} {ergonomic}
     bool UseCompressedOops                        = true                                 {lp64_product} {ergonomic}
     bool UseG1GC                                  = true                                      {product} {ergonomic}
     bool UseLargePagesIndividualAllocation        = false                                  {pd product} {ergonomic}

Logging:
Log output configuration:
 #0: stdout all=warning uptime,level,tags
 #1: stderr all=off uptime,level,tags

Environment Variables:
PATH=C:\Program Files\Common Files\Oracle\Java\javapath;C:\Windows\system32;C:\Windows;C:\Windows\System32\Wbem;C:\Windows\System32\WindowsPowerShell\v1.0\;C:\Windows\System32\OpenSSH\;C:\Users\sfjbs\Downloads\javamicro-20220622T060017Z-001\javamicro\apache-maven-3.8.5-bin\apache-maven-3.8.5\bin;C:\Users\sfjbs\Downloads\javamicro-20220622T060017Z-001\javamicro\apache-maven-3.8.5-bin\apache-maven-3.8.5\lib;;C:\Program Files\Docker\Docker\resources\bin;C:\ProgramData\DockerDesktop\version-bin;C:\Users\sfjbs\AppData\Local\Microsoft\WindowsApps;C:\Users\sfjbs\Downloads\javamicro-20220622T060017Z-001\javamicro\apache-maven-3.8.5-bin\apache-maven-3.8.5\bin;C:\Users\sfjbs\Downloads\javamicro-20220622T060017Z-001\javamicro\apache-maven-3.8.5-bin\apache-maven-3.8.5\lib;
USERNAME=sfjbs
OS=Windows_NT
PROCESSOR_IDENTIFIER=Intel64 Family 6 Model 85 Stepping 4, GenuineIntel



---------------  S Y S T E M  ---------------

OS: Windows 10 , 64 bit Build 19041 (10.0.19041.1741)
Hyper-V role detected

CPU:total 2 (initial active 2) (1 cores per cpu, 2 threads per core) family 6 model 85 stepping 4 microcode 0xffffffff, cmov, cx8, fxsr, mmx, sse, sse2, sse3, ssse3, sse4.1, sse4.2, popcnt, avx, avx2, aes, clmul, erms, rtm, 3dnowpref, lzcnt, ht, tsc, bmi1, bmi2, adx, fma

Memory: 4k page, system-wide physical 8190M (514M free)
TotalPageFile size 10238M (AvailPageFile size 1M)
current process WorkingSet (physical memory assigned to process): 168M, peak: 168M
current process commit charge ("private bytes"): 262M, peak: 324M

vm_info: Java HotSpot(TM) 64-Bit Server VM (11.0.13+10-LTS-370) for windows-amd64 JRE (11.0.13+10-LTS-370), built on Sep 15 2021 22:10:36 by "mach5one" with MS VC++ 15.9 (VS2017)

END.
