#
# There is insufficient memory for the Java Runtime Environment to continue.
# Native memory allocation (mmap) failed to map 40894464 bytes for Failed to commit area from 0x0000000089b00000 to 0x000000008c200000 of length 40894464.
# Possible reasons:
#   The system is out of physical RAM or swap space
#   The process is running with CompressedOops enabled, and the Java Heap may be blocking the growth of the native heap
# Possible solutions:
#   Reduce memory load on the system
#   Increase physical memory or swap space
#   Check if swap backing store is full
#   Decrease Java heap size (-Xmx/-Xms)
#   Decrease number of Java threads
#   Decrease Java thread stack sizes (-Xss)
#   Set larger code cache with -XX:ReservedCodeCacheSize=
#   JVM is running with Unscaled Compressed Oops mode in which the Java heap is
#     placed in the first 4GB address space. The Java Heap base address is the
#     maximum limit for the native heap growth. Please use -XX:HeapBaseMinAddress
#     to set the Java Heap base and to place the Java Heap above 4GB virtual address.
# This output file may be truncated or incomplete.
#
#  Out of Memory Error (./open/src/hotspot/os/windows/os_windows.cpp:3276), pid=464, tid=4176
#
# JRE version: Java(TM) SE Runtime Environment 18.9 (11.0.13+10) (build 11.0.13+10-LTS-370)
# Java VM: Java HotSpot(TM) 64-Bit Server VM 18.9 (11.0.13+10-LTS-370, mixed mode, tiered, compressed oops, g1 gc, windows-amd64)
# No core dump will be written. Minidumps are not enabled by default on client versions of Windows
#

---------------  S U M M A R Y ------------

Command Line: -Xverify:none -XX:TieredStopAtLevel=1 com.service.patient.patientservice.PatientServiceApplication

Host: Intel(R) Xeon(R) Platinum 8272CL CPU @ 2.60GHz, 2 cores, 7G,  Windows 10 , 64 bit Build 19041 (10.0.19041.1741)
Time: Wed Jun 29 06:53:30 2022 Coordinated Universal Time elapsed time: 4.586876 seconds (0d 0h 0m 4s)

---------------  T H R E A D  ---------------

Current thread (0x0000016b7fcee800):  VMThread "VM Thread" [stack: 0x0000000d2c000000,0x0000000d2c100000] [id=4176]

Stack: [0x0000000d2c000000,0x0000000d2c100000]
[error occurred during error reporting (printing stack bounds), id 0xc0000005, EXCEPTION_ACCESS_VIOLATION (0xc0000005) at pc=0x0000016b075510e7]

Native frames: (J=compiled Java code, j=interpreted, Vv=VM code, C=native code)
V  [jvm.dll+0x62870a]
V  [jvm.dll+0x761f2f]
V  [jvm.dll+0x7635d9]
V  [jvm.dll+0x763bc5]
V  [jvm.dll+0x763b7b]
V  [jvm.dll+0x627c53]
V  [jvm.dll+0x628308]
C  [ntdll.dll+0xa209f]
C  [ntdll.dll+0x51454]
C  [ntdll.dll+0xa0bce]
C  0x0000016b075510e7

VM_Operation (0x0000000d2b9fcd80): CollectForMetadataAllocation, mode: safepoint, requested by thread 0x0000016b7efec800


---------------  P R O C E S S  ---------------

Threads class SMR info:
_java_thread_list=0x0000016b1e65cc90, length=9, elements={
0x0000016b7efec800, 0x0000016b7fcd9000, 0x0000016b7fcdd000, 0x0000016b7fd06800,
0x0000016b7fd09800, 0x0000016b7fd0a800, 0x0000016b7fd0d800, 0x0000016b7fd2b800,
0x0000016b1ce95800
}

Java Threads: ( => current thread )
  0x0000016b7efec800 JavaThread "main" [_thread_blocked, id=4392, stack(0x0000000d2b900000,0x0000000d2ba00000)]
  0x0000016b7fcd9000 JavaThread "Reference Handler" daemon [_thread_blocked, id=6196, stack(0x0000000d2c100000,0x0000000d2c200000)]
  0x0000016b7fcdd000 JavaThread "Finalizer" daemon [_thread_blocked, id=6500, stack(0x0000000d2c200000,0x0000000d2c300000)]
  0x0000016b7fd06800 JavaThread "Signal Dispatcher" daemon [_thread_blocked, id=4112, stack(0x0000000d2c300000,0x0000000d2c400000)]
  0x0000016b7fd09800 JavaThread "Attach Listener" daemon [_thread_blocked, id=9264, stack(0x0000000d2c400000,0x0000000d2c500000)]
  0x0000016b7fd0a800 JavaThread "Service Thread" daemon [_thread_blocked, id=1728, stack(0x0000000d2c500000,0x0000000d2c600000)]
  0x0000016b7fd0d800 JavaThread "C1 CompilerThread0" daemon [_thread_blocked, id=2060, stack(0x0000000d2c600000,0x0000000d2c700000)]
  0x0000016b7fd2b800 JavaThread "Sweeper thread" daemon [_thread_blocked, id=5900, stack(0x0000000d2c700000,0x0000000d2c800000)]
  0x0000016b1ce95800 JavaThread "Common-Cleaner" daemon [_thread_blocked, id=10372, stack(0x0000000d2c900000,0x0000000d2ca00000)]

Other Threads:
=>0x0000016b7fcee800 VMThread "VM Thread" [stack: 0x0000000d2c000000,0x0000000d2c100000] [id=4176]
  0x0000016b1ce94800 WatcherThread [stack: 0x0000000d2c800000,0x0000000d2c900000] [id=9440]
  0x0000016b7f004800 GCTaskThread "GC Thread#0" [stack: 0x0000000d2bb00000,0x0000000d2bc00000] [id=2072]
  0x0000016b1d146800 GCTaskThread "GC Thread#1" [stack: 0x0000000d2ca00000,0x0000000d2cb00000] [id=9608]
  0x0000016b7f035800 ConcurrentGCThread "G1 Main Marker" [stack: 0x0000000d2bc00000,0x0000000d2bd00000] [id=9992]
  0x0000016b7f037000 ConcurrentGCThread "G1 Conc#0" [stack: 0x0000000d2bd00000,0x0000000d2be00000] [id=7452]
  0x0000016b7f0bf000 ConcurrentGCThread "G1 Refine#0" [stack: 0x0000000d2be00000,0x0000000d2bf00000] [id=7708]
  0x0000016b7f0c0000 ConcurrentGCThread "G1 Young RemSet Sampling" [stack: 0x0000000d2bf00000,0x0000000d2c000000] [id=2852]

Threads with active compile tasks:

VM state:at safepoint (normal execution)

VM Mutex/Monitor currently owned by a thread:  ([mutex/lock_event])
[0x0000016b7efeaa70] Threads_lock - owner thread: 0x0000016b7fcee800
[0x0000016b7efebe20] Heap_lock - owner thread: 0x0000016b7efec800

Heap address: 0x0000000080000000, size: 2048 MB, Compressed Oops mode: 32-bit
Narrow klass base: 0x0000000000000000, Narrow klass shift: 3
Compressed class space size: 1073741824 Address: 0x0000000100000000

Heap:
 garbage-first heap   total 198656K, used 13179K [0x0000000080000000, 0x0000000100000000)
  region size 1024K, 7 young (7168K), 7 survivors (7168K)
 Metaspace       used 27103K, capacity 27948K, committed 28080K, reserved 1079296K
  class space    used 3392K, capacity 3751K, committed 3840K, reserved 1048576K
Heap Regions: E=young(eden), S=young(survivor), O=old, HS=humongous(starts), HC=humongous(continues), CS=collection set, F=free, A=archive, TAMS=top-at-mark-start (previous, next)
|   0|0x0000000080000000, 0x0000000080100000, 0x0000000080100000|100%|HS|  |TAMS 0x0000000080100000, 0x0000000080100000| Complete 
|   1|0x0000000080100000, 0x0000000080200000, 0x0000000080200000|100%| O|  |TAMS 0x0000000080200000, 0x0000000080200000| Untracked 
|   2|0x0000000080200000, 0x0000000080300000, 0x0000000080300000|100%| O|  |TAMS 0x0000000080300000, 0x0000000080300000| Untracked 
|   3|0x0000000080300000, 0x0000000080400000, 0x0000000080400000|100%| O|  |TAMS 0x0000000080400000, 0x0000000080400000| Untracked 
|   4|0x0000000080400000, 0x0000000080500000, 0x0000000080500000|100%| O|  |TAMS 0x0000000080500000, 0x0000000080500000| Untracked 
|   5|0x0000000080500000, 0x0000000080600000, 0x0000000080600000|100%| O|  |TAMS 0x00000000805c1c00, 0x0000000080600000| Untracked 
|   6|0x0000000080600000, 0x000000008065ee00, 0x0000000080700000| 37%| O|  |TAMS 0x0000000080600000, 0x000000008065ee00| Untracked 
|   7|0x0000000080700000, 0x0000000080700000, 0x0000000080800000|  0%| F|  |TAMS 0x0000000080700000, 0x0000000080700000| Untracked 
|   8|0x0000000080800000, 0x0000000080800000, 0x0000000080900000|  0%| F|  |TAMS 0x0000000080800000, 0x0000000080800000| Untracked 
|   9|0x0000000080900000, 0x0000000080900000, 0x0000000080a00000|  0%| F|  |TAMS 0x0000000080900000, 0x0000000080900000| Untracked 
|  10|0x0000000080a00000, 0x0000000080a00000, 0x0000000080b00000|  0%| F|  |TAMS 0x0000000080a00000, 0x0000000080a00000| Untracked 
|  11|0x0000000080b00000, 0x0000000080b00000, 0x0000000080c00000|  0%| F|  |TAMS 0x0000000080b00000, 0x0000000080b00000| Untracked 
|  12|0x0000000080c00000, 0x0000000080c00000, 0x0000000080d00000|  0%| F|  |TAMS 0x0000000080c00000, 0x0000000080c00000| Untracked 
|  13|0x0000000080d00000, 0x0000000080d00000, 0x0000000080e00000|  0%| F|  |TAMS 0x0000000080d00000, 0x0000000080d00000| Untracked 
|  14|0x0000000080e00000, 0x0000000080e00000, 0x0000000080f00000|  0%| F|  |TAMS 0x0000000080e00000, 0x0000000080e00000| Untracked 
|  15|0x0000000080f00000, 0x0000000080f00000, 0x0000000081000000|  0%| F|  |TAMS 0x0000000080f00000, 0x0000000080f00000| Untracked 
|  16|0x0000000081000000, 0x0000000081000000, 0x0000000081100000|  0%| F|  |TAMS 0x0000000081000000, 0x0000000081000000| Untracked 
|  17|0x0000000081100000, 0x0000000081100000, 0x0000000081200000|  0%| F|  |TAMS 0x0000000081100000, 0x0000000081100000| Untracked 
|  18|0x0000000081200000, 0x0000000081200000, 0x0000000081300000|  0%| F|  |TAMS 0x0000000081200000, 0x0000000081200000| Untracked 
|  19|0x0000000081300000, 0x0000000081300000, 0x0000000081400000|  0%| F|  |TAMS 0x0000000081300000, 0x0000000081300000| Untracked 
|  20|0x0000000081400000, 0x0000000081400000, 0x0000000081500000|  0%| F|  |TAMS 0x0000000081400000, 0x0000000081400000| Untracked 
|  21|0x0000000081500000, 0x0000000081500000, 0x0000000081600000|  0%| F|  |TAMS 0x0000000081500000, 0x0000000081500000| Untracked 
|  22|0x0000000081600000, 0x0000000081600000, 0x0000000081700000|  0%| F|  |TAMS 0x0000000081600000, 0x0000000081600000| Untracked 
|  23|0x0000000081700000, 0x0000000081700000, 0x0000000081800000|  0%| F|  |TAMS 0x0000000081700000, 0x0000000081700000| Untracked 
|  24|0x0000000081800000, 0x0000000081800000, 0x0000000081900000|  0%| F|  |TAMS 0x0000000081800000, 0x0000000081800000| Untracked 
|  25|0x0000000081900000, 0x0000000081900000, 0x0000000081a00000|  0%| F|  |TAMS 0x0000000081900000, 0x0000000081900000| Untracked 
|  26|0x0000000081a00000, 0x0000000081a00000, 0x0000000081b00000|  0%| F|  |TAMS 0x0000000081a00000, 0x0000000081a00000| Untracked 
|  27|0x0000000081b00000, 0x0000000081b00000, 0x0000000081c00000|  0%| F|  |TAMS 0x0000000081b00000, 0x0000000081b00000| Untracked 
|  28|0x0000000081c00000, 0x0000000081c00000, 0x0000000081d00000|  0%| F|  |TAMS 0x0000000081c00000, 0x0000000081c00000| Untracked 
|  29|0x0000000081d00000, 0x0000000081d00000, 0x0000000081e00000|  0%| F|  |TAMS 0x0000000081d00000, 0x0000000081d00000| Untracked 
|  30|0x0000000081e00000, 0x0000000081e00000, 0x0000000081f00000|  0%| F|  |TAMS 0x0000000081e00000, 0x0000000081e00000| Untracked 
|  31|0x0000000081f00000, 0x0000000081f00000, 0x0000000082000000|  0%| F|  |TAMS 0x0000000081f00000, 0x0000000081f00000| Untracked 
|  32|0x0000000082000000, 0x0000000082000000, 0x0000000082100000|  0%| F|  |TAMS 0x0000000082000000, 0x0000000082000000| Untracked 
|  33|0x0000000082100000, 0x0000000082100000, 0x0000000082200000|  0%| F|  |TAMS 0x0000000082100000, 0x0000000082100000| Untracked 
|  34|0x0000000082200000, 0x0000000082200000, 0x0000000082300000|  0%| F|  |TAMS 0x0000000082200000, 0x0000000082200000| Untracked 
|  35|0x0000000082300000, 0x0000000082300000, 0x0000000082400000|  0%| F|  |TAMS 0x0000000082300000, 0x0000000082300000| Untracked 
|  36|0x0000000082400000, 0x0000000082400000, 0x0000000082500000|  0%| F|  |TAMS 0x0000000082400000, 0x0000000082400000| Untracked 
|  37|0x0000000082500000, 0x0000000082500000, 0x0000000082600000|  0%| F|  |TAMS 0x0000000082500000, 0x0000000082500000| Untracked 
|  38|0x0000000082600000, 0x0000000082600000, 0x0000000082700000|  0%| F|  |TAMS 0x0000000082600000, 0x0000000082600000| Untracked 
|  39|0x0000000082700000, 0x0000000082700000, 0x0000000082800000|  0%| F|  |TAMS 0x0000000082700000, 0x0000000082700000| Untracked 
|  40|0x0000000082800000, 0x0000000082800000, 0x0000000082900000|  0%| F|  |TAMS 0x0000000082800000, 0x0000000082800000| Untracked 
|  41|0x0000000082900000, 0x0000000082900000, 0x0000000082a00000|  0%| F|  |TAMS 0x0000000082900000, 0x0000000082900000| Untracked 
|  42|0x0000000082a00000, 0x0000000082a00000, 0x0000000082b00000|  0%| F|  |TAMS 0x0000000082a00000, 0x0000000082a00000| Untracked 
|  43|0x0000000082b00000, 0x0000000082b00000, 0x0000000082c00000|  0%| F|  |TAMS 0x0000000082b00000, 0x0000000082b00000| Untracked 
|  44|0x0000000082c00000, 0x0000000082c00000, 0x0000000082d00000|  0%| F|  |TAMS 0x0000000082c00000, 0x0000000082c00000| Untracked 
|  45|0x0000000082d00000, 0x0000000082d00000, 0x0000000082e00000|  0%| F|  |TAMS 0x0000000082d00000, 0x0000000082d00000| Untracked 
|  46|0x0000000082e00000, 0x0000000082e00000, 0x0000000082f00000|  0%| F|  |TAMS 0x0000000082e00000, 0x0000000082e00000| Untracked 
|  47|0x0000000082f00000, 0x0000000082f00000, 0x0000000083000000|  0%| F|  |TAMS 0x0000000082f00000, 0x0000000082f00000| Untracked 
|  48|0x0000000083000000, 0x0000000083000000, 0x0000000083100000|  0%| F|  |TAMS 0x0000000083000000, 0x0000000083000000| Untracked 
|  49|0x0000000083100000, 0x0000000083100000, 0x0000000083200000|  0%| F|  |TAMS 0x0000000083100000, 0x0000000083100000| Untracked 
|  50|0x0000000083200000, 0x0000000083200000, 0x0000000083300000|  0%| F|  |TAMS 0x0000000083200000, 0x0000000083200000| Untracked 
|  51|0x0000000083300000, 0x0000000083300000, 0x0000000083400000|  0%| F|  |TAMS 0x0000000083300000, 0x0000000083300000| Untracked 
|  52|0x0000000083400000, 0x0000000083400000, 0x0000000083500000|  0%| F|  |TAMS 0x0000000083400000, 0x0000000083400000| Untracked 
|  53|0x0000000083500000, 0x0000000083500000, 0x0000000083600000|  0%| F|  |TAMS 0x0000000083500000, 0x0000000083500000| Untracked 
|  54|0x0000000083600000, 0x0000000083600000, 0x0000000083700000|  0%| F|  |TAMS 0x0000000083600000, 0x0000000083600000| Untracked 
|  55|0x0000000083700000, 0x0000000083700000, 0x0000000083800000|  0%| F|  |TAMS 0x0000000083700000, 0x0000000083700000| Untracked 
|  56|0x0000000083800000, 0x0000000083800000, 0x0000000083900000|  0%| F|  |TAMS 0x0000000083800000, 0x0000000083800000| Untracked 
|  57|0x0000000083900000, 0x0000000083900000, 0x0000000083a00000|  0%| F|  |TAMS 0x0000000083900000, 0x0000000083900000| Untracked 
|  58|0x0000000083a00000, 0x0000000083a00000, 0x0000000083b00000|  0%| F|  |TAMS 0x0000000083a00000, 0x0000000083a00000| Untracked 
|  59|0x0000000083b00000, 0x0000000083b00000, 0x0000000083c00000|  0%| F|  |TAMS 0x0000000083b00000, 0x0000000083b00000| Untracked 
|  60|0x0000000083c00000, 0x0000000083c00000, 0x0000000083d00000|  0%| F|  |TAMS 0x0000000083c00000, 0x0000000083c00000| Untracked 
|  61|0x0000000083d00000, 0x0000000083d00000, 0x0000000083e00000|  0%| F|  |TAMS 0x0000000083d00000, 0x0000000083d00000| Untracked 
|  62|0x0000000083e00000, 0x0000000083e00000, 0x0000000083f00000|  0%| F|  |TAMS 0x0000000083e00000, 0x0000000083e00000| Untracked 
|  63|0x0000000083f00000, 0x0000000083f00000, 0x0000000084000000|  0%| F|  |TAMS 0x0000000083f00000, 0x0000000083f00000| Untracked 
|  64|0x0000000084000000, 0x0000000084000000, 0x0000000084100000|  0%| F|  |TAMS 0x0000000084000000, 0x0000000084000000| Untracked 
|  65|0x0000000084100000, 0x0000000084100000, 0x0000000084200000|  0%| F|  |TAMS 0x0000000084100000, 0x0000000084100000| Untracked 
|  66|0x0000000084200000, 0x0000000084200000, 0x0000000084300000|  0%| F|  |TAMS 0x0000000084200000, 0x0000000084200000| Untracked 
|  67|0x0000000084300000, 0x0000000084300000, 0x0000000084400000|  0%| F|  |TAMS 0x0000000084300000, 0x0000000084300000| Untracked 
|  68|0x0000000084400000, 0x0000000084400000, 0x0000000084500000|  0%| F|  |TAMS 0x0000000084400000, 0x0000000084400000| Untracked 
|  69|0x0000000084500000, 0x0000000084500000, 0x0000000084600000|  0%| F|  |TAMS 0x0000000084500000, 0x0000000084500000| Untracked 
|  70|0x0000000084600000, 0x0000000084600000, 0x0000000084700000|  0%| F|  |TAMS 0x0000000084600000, 0x0000000084600000| Untracked 
|  71|0x0000000084700000, 0x0000000084700000, 0x0000000084800000|  0%| F|  |TAMS 0x0000000084700000, 0x0000000084700000| Untracked 
|  72|0x0000000084800000, 0x0000000084800000, 0x0000000084900000|  0%| F|  |TAMS 0x0000000084800000, 0x0000000084800000| Untracked 
|  73|0x0000000084900000, 0x0000000084900000, 0x0000000084a00000|  0%| F|  |TAMS 0x0000000084900000, 0x0000000084900000| Untracked 
|  74|0x0000000084a00000, 0x0000000084a00000, 0x0000000084b00000|  0%| F|  |TAMS 0x0000000084a00000, 0x0000000084a00000| Untracked 
|  75|0x0000000084b00000, 0x0000000084b00000, 0x0000000084c00000|  0%| F|  |TAMS 0x0000000084b00000, 0x0000000084b00000| Untracked 
|  76|0x0000000084c00000, 0x0000000084c00000, 0x0000000084d00000|  0%| F|  |TAMS 0x0000000084c00000, 0x0000000084c00000| Untracked 
|  77|0x0000000084d00000, 0x0000000084d00000, 0x0000000084e00000|  0%| F|  |TAMS 0x0000000084d00000, 0x0000000084d00000| Untracked 
|  78|0x0000000084e00000, 0x0000000084e00000, 0x0000000084f00000|  0%| F|  |TAMS 0x0000000084e00000, 0x0000000084e00000| Untracked 
|  79|0x0000000084f00000, 0x0000000084f00000, 0x0000000085000000|  0%| F|  |TAMS 0x0000000084f00000, 0x0000000084f00000| Untracked 
|  80|0x0000000085000000, 0x0000000085000000, 0x0000000085100000|  0%| F|  |TAMS 0x0000000085000000, 0x0000000085000000| Untracked 
|  81|0x0000000085100000, 0x0000000085100000, 0x0000000085200000|  0%| F|  |TAMS 0x0000000085100000, 0x0000000085100000| Untracked 
|  82|0x0000000085200000, 0x0000000085200000, 0x0000000085300000|  0%| F|  |TAMS 0x0000000085200000, 0x0000000085200000| Untracked 
|  83|0x0000000085300000, 0x0000000085300000, 0x0000000085400000|  0%| F|  |TAMS 0x0000000085300000, 0x0000000085300000| Untracked 
|  84|0x0000000085400000, 0x0000000085400000, 0x0000000085500000|  0%| F|  |TAMS 0x0000000085400000, 0x0000000085400000| Untracked 
|  85|0x0000000085500000, 0x0000000085500000, 0x0000000085600000|  0%| F|  |TAMS 0x0000000085500000, 0x0000000085500000| Untracked 
|  86|0x0000000085600000, 0x0000000085600000, 0x0000000085700000|  0%| F|  |TAMS 0x0000000085600000, 0x0000000085600000| Untracked 
|  87|0x0000000085700000, 0x0000000085700000, 0x0000000085800000|  0%| F|  |TAMS 0x0000000085700000, 0x0000000085700000| Untracked 
|  88|0x0000000085800000, 0x0000000085800000, 0x0000000085900000|  0%| F|  |TAMS 0x0000000085800000, 0x0000000085800000| Untracked 
|  89|0x0000000085900000, 0x0000000085900000, 0x0000000085a00000|  0%| F|  |TAMS 0x0000000085900000, 0x0000000085900000| Untracked 
|  90|0x0000000085a00000, 0x0000000085a00000, 0x0000000085b00000|  0%| F|  |TAMS 0x0000000085a00000, 0x0000000085a00000| Untracked 
|  91|0x0000000085b00000, 0x0000000085b00000, 0x0000000085c00000|  0%| F|  |TAMS 0x0000000085b00000, 0x0000000085b00000| Untracked 
|  92|0x0000000085c00000, 0x0000000085c00000, 0x0000000085d00000|  0%| F|  |TAMS 0x0000000085c00000, 0x0000000085c00000| Untracked 
|  93|0x0000000085d00000, 0x0000000085d00000, 0x0000000085e00000|  0%| F|  |TAMS 0x0000000085d00000, 0x0000000085d00000| Untracked 
|  94|0x0000000085e00000, 0x0000000085e00000, 0x0000000085f00000|  0%| F|  |TAMS 0x0000000085e00000, 0x0000000085e00000| Untracked 
|  95|0x0000000085f00000, 0x0000000085f00000, 0x0000000086000000|  0%| F|  |TAMS 0x0000000085f00000, 0x0000000085f00000| Untracked 
|  96|0x0000000086000000, 0x0000000086000000, 0x0000000086100000|  0%| F|  |TAMS 0x0000000086000000, 0x0000000086000000| Untracked 
|  97|0x0000000086100000, 0x0000000086100000, 0x0000000086200000|  0%| F|  |TAMS 0x0000000086100000, 0x0000000086100000| Untracked 
|  98|0x0000000086200000, 0x0000000086200000, 0x0000000086300000|  0%| F|  |TAMS 0x0000000086200000, 0x0000000086200000| Untracked 
|  99|0x0000000086300000, 0x0000000086300000, 0x0000000086400000|  0%| F|  |TAMS 0x0000000086300000, 0x0000000086300000| Untracked 
| 100|0x0000000086400000, 0x0000000086400000, 0x0000000086500000|  0%| F|  |TAMS 0x0000000086400000, 0x0000000086400000| Untracked 
| 101|0x0000000086500000, 0x0000000086500000, 0x0000000086600000|  0%| F|  |TAMS 0x0000000086500000, 0x0000000086500000| Untracked 
| 102|0x0000000086600000, 0x0000000086600000, 0x0000000086700000|  0%| F|  |TAMS 0x0000000086600000, 0x0000000086600000| Untracked 
| 103|0x0000000086700000, 0x0000000086700000, 0x0000000086800000|  0%| F|  |TAMS 0x0000000086700000, 0x0000000086700000| Untracked 
| 104|0x0000000086800000, 0x0000000086800000, 0x0000000086900000|  0%| F|  |TAMS 0x0000000086800000, 0x0000000086800000| Untracked 
| 105|0x0000000086900000, 0x0000000086900000, 0x0000000086a00000|  0%| F|  |TAMS 0x0000000086900000, 0x0000000086900000| Untracked 
| 106|0x0000000086a00000, 0x0000000086a00000, 0x0000000086b00000|  0%| F|  |TAMS 0x0000000086a00000, 0x0000000086a00000| Untracked 
| 107|0x0000000086b00000, 0x0000000086b00000, 0x0000000086c00000|  0%| F|  |TAMS 0x0000000086b00000, 0x0000000086b00000| Untracked 
| 108|0x0000000086c00000, 0x0000000086c00000, 0x0000000086d00000|  0%| F|  |TAMS 0x0000000086c00000, 0x0000000086c00000| Untracked 
| 109|0x0000000086d00000, 0x0000000086d00000, 0x0000000086e00000|  0%| F|  |TAMS 0x0000000086d00000, 0x0000000086d00000| Untracked 
| 110|0x0000000086e00000, 0x0000000086e00000, 0x0000000086f00000|  0%| F|  |TAMS 0x0000000086e00000, 0x0000000086e00000| Untracked 
| 111|0x0000000086f00000, 0x0000000086f00000, 0x0000000087000000|  0%| F|  |TAMS 0x0000000086f00000, 0x0000000086f00000| Untracked 
| 112|0x0000000087000000, 0x0000000087000000, 0x0000000087100000|  0%| F|  |TAMS 0x0000000087000000, 0x0000000087000000| Untracked 
| 113|0x0000000087100000, 0x0000000087100000, 0x0000000087200000|  0%| F|  |TAMS 0x0000000087100000, 0x0000000087100000| Untracked 
| 114|0x0000000087200000, 0x0000000087200000, 0x0000000087300000|  0%| F|  |TAMS 0x0000000087200000, 0x0000000087200000| Untracked 
| 115|0x0000000087300000, 0x0000000087300000, 0x0000000087400000|  0%| F|  |TAMS 0x0000000087300000, 0x0000000087300000| Untracked 
| 116|0x0000000087400000, 0x0000000087400000, 0x0000000087500000|  0%| F|  |TAMS 0x0000000087400000, 0x0000000087400000| Untracked 
| 117|0x0000000087500000, 0x0000000087500000, 0x0000000087600000|  0%| F|  |TAMS 0x0000000087500000, 0x0000000087500000| Untracked 
| 118|0x0000000087600000, 0x0000000087600000, 0x0000000087700000|  0%| F|  |TAMS 0x0000000087600000, 0x0000000087600000| Untracked 
| 119|0x0000000087700000, 0x0000000087700000, 0x0000000087800000|  0%| F|  |TAMS 0x0000000087700000, 0x0000000087700000| Untracked 
| 120|0x0000000087800000, 0x0000000087800000, 0x0000000087900000|  0%| F|  |TAMS 0x0000000087800000, 0x0000000087800000| Untracked 
| 121|0x0000000087900000, 0x0000000087900000, 0x0000000087a00000|  0%| F|  |TAMS 0x0000000087900000, 0x0000000087900000| Untracked 
| 122|0x0000000087a00000, 0x0000000087a00000, 0x0000000087b00000|  0%| F|  |TAMS 0x0000000087a00000, 0x0000000087a00000| Untracked 
| 123|0x0000000087b00000, 0x0000000087b00000, 0x0000000087c00000|  0%| F|  |TAMS 0x0000000087b00000, 0x0000000087b00000| Untracked 
| 124|0x0000000087c00000, 0x0000000087c00000, 0x0000000087d00000|  0%| F|  |TAMS 0x0000000087c00000, 0x0000000087c00000| Untracked 
| 125|0x0000000087d00000, 0x0000000087d00000, 0x0000000087e00000|  0%| F|  |TAMS 0x0000000087d00000, 0x0000000087d00000| Untracked 
| 126|0x0000000087e00000, 0x0000000087e00000, 0x0000000087f00000|  0%| F|  |TAMS 0x0000000087e00000, 0x0000000087e00000| Untracked 
| 127|0x0000000087f00000, 0x0000000087f00000, 0x0000000088000000|  0%| F|  |TAMS 0x0000000087f00000, 0x0000000087f00000| Untracked 
| 128|0x0000000088000000, 0x0000000088000000, 0x0000000088100000|  0%| F|  |TAMS 0x0000000088000000, 0x0000000088000000| Untracked 
| 129|0x0000000088100000, 0x0000000088100000, 0x0000000088200000|  0%| F|  |TAMS 0x0000000088100000, 0x0000000088100000| Untracked 
| 130|0x0000000088200000, 0x0000000088200000, 0x0000000088300000|  0%| F|  |TAMS 0x0000000088200000, 0x0000000088200000| Untracked 
| 131|0x0000000088300000, 0x0000000088300000, 0x0000000088400000|  0%| F|  |TAMS 0x0000000088300000, 0x0000000088300000| Untracked 
| 132|0x0000000088400000, 0x0000000088400000, 0x0000000088500000|  0%| F|  |TAMS 0x0000000088400000, 0x0000000088400000| Untracked 
| 133|0x0000000088500000, 0x0000000088500000, 0x0000000088600000|  0%| F|  |TAMS 0x0000000088500000, 0x0000000088500000| Untracked 
| 134|0x0000000088600000, 0x0000000088600000, 0x0000000088700000|  0%| F|  |TAMS 0x0000000088600000, 0x0000000088600000| Untracked 
| 135|0x0000000088700000, 0x0000000088700000, 0x0000000088800000|  0%| F|  |TAMS 0x0000000088700000, 0x0000000088700000| Untracked 
| 136|0x0000000088800000, 0x0000000088800000, 0x0000000088900000|  0%| F|  |TAMS 0x0000000088800000, 0x0000000088800000| Untracked 
| 137|0x0000000088900000, 0x0000000088900000, 0x0000000088a00000|  0%| F|  |TAMS 0x0000000088900000, 0x0000000088900000| Untracked 
| 138|0x0000000088a00000, 0x0000000088a00000, 0x0000000088b00000|  0%| F|  |TAMS 0x0000000088a00000, 0x0000000088a00000| Untracked 
| 139|0x0000000088b00000, 0x0000000088b00000, 0x0000000088c00000|  0%| F|  |TAMS 0x0000000088b00000, 0x0000000088b00000| Untracked 
| 140|0x0000000088c00000, 0x0000000088c00000, 0x0000000088d00000|  0%| F|  |TAMS 0x0000000088c00000, 0x0000000088c00000| Untracked 
| 141|0x0000000088d00000, 0x0000000088d00000, 0x0000000088e00000|  0%| F|  |TAMS 0x0000000088d00000, 0x0000000088d00000| Untracked 
| 142|0x0000000088e00000, 0x0000000088e00000, 0x0000000088f00000|  0%| F|  |TAMS 0x0000000088e00000, 0x0000000088e00000| Untracked 
| 143|0x0000000088f00000, 0x0000000088f00000, 0x0000000089000000|  0%| F|  |TAMS 0x0000000088f00000, 0x0000000088f00000| Untracked 
| 144|0x0000000089000000, 0x0000000089000000, 0x0000000089100000|  0%| F|  |TAMS 0x0000000089000000, 0x0000000089000000| Untracked 
| 145|0x0000000089100000, 0x0000000089180000, 0x0000000089200000| 50%| S|CS|TAMS 0x0000000089100000, 0x0000000089100000| Complete 
| 146|0x0000000089200000, 0x0000000089300000, 0x0000000089300000|100%| S|CS|TAMS 0x0000000089200000, 0x0000000089200000| Complete 
| 147|0x0000000089300000, 0x0000000089400000, 0x0000000089400000|100%| S|CS|TAMS 0x0000000089300000, 0x0000000089300000| Complete 
| 148|0x0000000089400000, 0x0000000089500000, 0x0000000089500000|100%| S|CS|TAMS 0x0000000089400000, 0x0000000089400000| Complete 
| 149|0x0000000089500000, 0x0000000089600000, 0x0000000089600000|100%| S|CS|TAMS 0x0000000089500000, 0x0000000089500000| Complete 
| 150|0x0000000089600000, 0x0000000089700000, 0x0000000089700000|100%| S|CS|TAMS 0x0000000089600000, 0x0000000089600000| Complete 
| 151|0x0000000089700000, 0x0000000089800000, 0x0000000089800000|100%| S|CS|TAMS 0x0000000089700000, 0x0000000089700000| Complete 
| 152|0x0000000089800000, 0x0000000089800000, 0x0000000089900000|  0%| F|  |TAMS 0x0000000089800000, 0x0000000089800000| Untracked 
| 153|0x0000000089900000, 0x0000000089900000, 0x0000000089a00000|  0%| F|  |TAMS 0x0000000089900000, 0x0000000089900000| Untracked 
| 154|0x0000000089a00000, 0x0000000089a00000, 0x0000000089b00000|  0%| F|  |TAMS 0x0000000089a00000, 0x0000000089a00000| Untracked 

Card table byte_map: [0x0000016b7f0d0000,0x0000016b7f4d0000] _byte_map_base: 0x0000016b7ecd0000

Marking Bits (Prev, Next): (CMBitMap*) 0x0000016b7f02cea0, (CMBitMap*) 0x0000016b7f02ce68
 Prev Bits: [0x0000016b18550000, 0x0000016b1a550000)
 Next Bits: [0x0000016b16550000, 0x0000016b18550000)

Polling page: 0x0000016b7ced0000

Metaspace:

Usage:
  Non-class:     23.63 MB capacity,    23.15 MB ( 98%) used,   385.50 KB (  2%) free+waste,   101.00 KB ( <1%) overhead. 
      Class:      3.66 MB capacity,     3.31 MB ( 90%) used,   305.45 KB (  8%) free+waste,    52.94 KB (  1%) overhead. 
       Both:     27.29 MB capacity,    26.47 MB ( 97%) used,   690.95 KB (  2%) free+waste,   153.94 KB ( <1%) overhead. 

Virtual space:
  Non-class space:       30.00 MB reserved,      23.67 MB ( 79%) committed 
      Class space:        1.00 GB reserved,       3.75 MB ( <1%) committed 
             Both:        1.03 GB reserved,      27.42 MB (  3%) committed 

Chunk freelists:
   Non-Class:  5.38 KB
       Class:  3.13 KB
        Both:  8.50 KB

CodeHeap 'non-profiled nmethods': size=239488Kb used=4620Kb max_used=4620Kb free=234867Kb
 bounds [0x0000016b07b70000, 0x0000016b08000000, 0x0000016b16550000]
CodeHeap 'non-nmethods': size=6272Kb used=1131Kb max_used=1131Kb free=5140Kb
 bounds [0x0000016b07550000, 0x0000016b077c0000, 0x0000016b07b70000]
 total_blobs=3450 nmethods=3017 adapters=359
 compilation: enabled
              stopped_count=0, restarted_count=0
 full_count=0

Compilation events (10 events):
Event: 4.461 Thread 0x0000016b7fd0d800 2998       1       java.lang.reflect.ProxyGenerator::computeUniqueCatchList (163 bytes)
Event: 4.463 Thread 0x0000016b7fd0d800 nmethod 2998 0x0000016b07ff0610 code [0x0000016b07ff08c0, 0x0000016b07ff1378]
Event: 4.463 Thread 0x0000016b7fd0d800 3000       1       java.lang.reflect.ProxyGenerator$FieldInfo::write (50 bytes)
Event: 4.463 Thread 0x0000016b7fd0d800 nmethod 3000 0x0000016b07ff1b90 code [0x0000016b07ff1de0, 0x0000016b07ff22d8]
Event: 4.463 Thread 0x0000016b7fd0d800 3017       1       java.lang.invoke.DirectMethodHandle$Holder::invokeStatic (15 bytes)
Event: 4.463 Thread 0x0000016b7fd0d800 nmethod 3017 0x0000016b07ff2590 code [0x0000016b07ff2740, 0x0000016b07ff2838]
Event: 4.463 Thread 0x0000016b7fd0d800 2994       1       java.util.HashMap$Values::iterator (12 bytes)
Event: 4.463 Thread 0x0000016b7fd0d800 nmethod 2994 0x0000016b07ff2910 code [0x0000016b07ff2ac0, 0x0000016b07ff2c48]
Event: 4.464 Thread 0x0000016b7fd0d800 2995       1       java.util.HashMap$ValueIterator::<init> (11 bytes)
Event: 4.464 Thread 0x0000016b7fd0d800 nmethod 2995 0x0000016b07ff2d10 code [0x0000016b07ff2ea0, 0x0000016b07ff2fc8]

GC Heap History (10 events):
Event: 1.430 GC heap after
{Heap after GC invocations=4 (full 0):
 garbage-first heap   total 131072K, used 7881K [0x0000000080000000, 0x0000000100000000)
  region size 1024K, 2 young (2048K), 2 survivors (2048K)
 Metaspace       used 14961K, capacity 15355K, committed 15488K, reserved 1062912K
  class space    used 1684K, capacity 1846K, committed 1920K, reserved 1048576K
}
Event: 1.967 GC heap before
{Heap before GC invocations=4 (full 0):
 garbage-first heap   total 131072K, used 31433K [0x0000000080000000, 0x0000000100000000)
  region size 1024K, 26 young (26624K), 2 survivors (2048K)
 Metaspace       used 19446K, capacity 19959K, committed 20224K, reserved 1067008K
  class space    used 2261K, capacity 2479K, committed 2560K, reserved 1048576K
}
Event: 1.977 GC heap after
{Heap after GC invocations=5 (full 0):
 garbage-first heap   total 158720K, used 8449K [0x0000000080000000, 0x0000000100000000)
  region size 1024K, 3 young (3072K), 3 survivors (3072K)
 Metaspace       used 19446K, capacity 19959K, committed 20224K, reserved 1067008K
  class space    used 2261K, capacity 2479K, committed 2560K, reserved 1048576K
}
Event: 2.327 GC heap before
{Heap before GC invocations=5 (full 0):
 garbage-first heap   total 158720K, used 42241K [0x0000000080000000, 0x0000000100000000)
  region size 1024K, 37 young (37888K), 3 survivors (3072K)
 Metaspace       used 20436K, capacity 20984K, committed 21120K, reserved 1067008K
  class space    used 2378K, capacity 2605K, committed 2688K, reserved 1048576K
}
Event: 2.335 GC heap after
{Heap after GC invocations=6 (full 0):
 garbage-first heap   total 158720K, used 9430K [0x0000000080000000, 0x0000000100000000)
  region size 1024K, 4 young (4096K), 4 survivors (4096K)
 Metaspace       used 20436K, capacity 20984K, committed 21120K, reserved 1067008K
  class space    used 2378K, capacity 2605K, committed 2688K, reserved 1048576K
}
Event: 2.365 GC heap before
{Heap before GC invocations=6 (full 0):
 garbage-first heap   total 158720K, used 21718K [0x0000000080000000, 0x0000000100000000)
  region size 1024K, 18 young (18432K), 4 survivors (4096K)
 Metaspace       used 20629K, capacity 21112K, committed 21296K, reserved 1069056K
  class space    used 2388K, capacity 2605K, committed 2688K, reserved 1048576K
}
Event: 2.372 GC heap after
{Heap after GC invocations=7 (full 0):
 garbage-first heap   total 158720K, used 9554K [0x0000000080000000, 0x0000000100000000)
  region size 1024K, 4 young (4096K), 4 survivors (4096K)
 Metaspace       used 20629K, capacity 21112K, committed 21296K, reserved 1069056K
  class space    used 2388K, capacity 2605K, committed 2688K, reserved 1048576K
}
Event: 4.383 GC heap before
{Heap before GC invocations=8 (full 0):
 garbage-first heap   total 158720K, used 76114K [0x0000000080000000, 0x0000000100000000)
  region size 1024K, 69 young (70656K), 4 survivors (4096K)
 Metaspace       used 26647K, capacity 27510K, committed 27696K, reserved 1073152K
  class space    used 3340K, capacity 3712K, committed 3712K, reserved 1048576K
}
Event: 4.404 GC heap after
{Heap after GC invocations=9 (full 0):
 garbage-first heap   total 158720K, used 12654K [0x0000000080000000, 0x0000000100000000)
  region size 1024K, 7 young (7168K), 7 survivors (7168K)
 Metaspace       used 26647K, capacity 27510K, committed 27696K, reserved 1073152K
  class space    used 3340K, capacity 3712K, committed 3712K, reserved 1048576K
}
Event: 4.486 GC heap before
{Heap before GC invocations=9 (full 0):
 garbage-first heap   total 158720K, used 14702K [0x0000000080000000, 0x0000000100000000)
  region size 1024K, 10 young (10240K), 7 survivors (7168K)
 Metaspace       used 27103K, capacity 27948K, committed 28080K, reserved 1079296K
  class space    used 3392K, capacity 3751K, committed 3840K, reserved 1048576K
}

Deoptimization events (0 events):
No events

Classes redefined (0 events):
No events

Internal exceptions (10 events):
Event: 3.980 Thread 0x0000016b7efec800 Exception <a 'java/lang/ClassNotFoundException'{0x00000000861f7b00}: org/springframework/transaction/annotation/AbstractTransactionManagementConfigurationCustomizer> (0x00000000861f7b00) thrown at [./open/src/hotspot/share/classfile/systemDictionary.cpp, 
Event: 3.983 Thread 0x0000016b7efec800 Exception <a 'java/lang/ClassNotFoundException'{0x00000000860103b8}: org/springframework/transaction/annotation/ProxyTransactionManagementConfigurationCustomizer> (0x00000000860103b8) thrown at [./open/src/hotspot/share/classfile/systemDictionary.cpp, lin
Event: 3.986 Thread 0x0000016b7efec800 Exception <a 'java/lang/ClassNotFoundException'{0x0000000086025eb8}: org/springframework/context/annotation/ImportAwareCustomizer> (0x0000000086025eb8) thrown at [./open/src/hotspot/share/classfile/systemDictionary.cpp, line 227]
Event: 3.987 Thread 0x0000016b7efec800 Exception <a 'java/lang/ClassNotFoundException'{0x00000000860373a0}: org/springframework/beans/factory/AwareCustomizer> (0x00000000860373a0) thrown at [./open/src/hotspot/share/classfile/systemDictionary.cpp, line 227]
Event: 4.100 Thread 0x0000016b7efec800 Exception <a 'java/lang/NoSuchMethodError'{0x0000000085d22920}: java.lang.invoke.DirectMethodHandle$Holder.invokeSpecialIFC(Ljava/lang/Object;Ljava/lang/Object;Ljava/lang/Object;)Ljava/lang/Object;> (0x0000000085d22920) thrown at [./open/src/hotspot/share
Event: 4.165 Thread 0x0000016b7efec800 Exception <a 'java/lang/NoSuchMethodError'{0x0000000085ce0d20}: java.lang.invoke.DirectMethodHandle$Holder.invokeSpecial(Ljava/lang/Object;Ljava/lang/Object;Ljava/lang/Object;Ljava/lang/Object;Ljava/lang/Object;)I> (0x0000000085ce0d20) thrown at [./open/s
Event: 4.274 Thread 0x0000016b7efec800 Exception <a 'java/lang/NoSuchMethodError'{0x0000000085934ed0}: java.lang.invoke.DelegatingMethodHandle$Holder.delegate(Ljava/lang/Object;Ljava/lang/Object;ILjava/lang/Object;)V> (0x0000000085934ed0) thrown at [./open/src/hotspot/share/interpreter/linkRes
Event: 4.321 Thread 0x0000016b7efec800 Exception <a 'java/lang/NoSuchMethodError'{0x0000000085898fb0}: java.lang.invoke.DirectMethodHandle$Holder.invokeInterface(Ljava/lang/Object;Ljava/lang/Object;I)V> (0x0000000085898fb0) thrown at [./open/src/hotspot/share/interpreter/linkResolver.cpp, line
Event: 4.329 Thread 0x0000016b7efec800 Exception <a 'java/lang/IncompatibleClassChangeError'{0x00000000858e4708}: Found class java.lang.Object, but interface was expected> (0x00000000858e4708) thrown at [./open/src/hotspot/share/interpreter/linkResolver.cpp, line 838]
Event: 4.330 Thread 0x0000016b7efec800 Exception <a 'java/lang/NoSuchMethodError'{0x00000000858e95a8}: java.lang.invoke.DirectMethodHandle$Holder.invokeStatic(Ljava/lang/Object;ILjava/lang/Object;)V> (0x00000000858e95a8) thrown at [./open/src/hotspot/share/interpreter/linkResolver.cpp, line 77

Events (10 events):
Event: 4.486 loading class sun/security/provider/SunEntries$1
Event: 4.486 loading class sun/security/provider/SunEntries$1 done
Event: 4.486 loading class sun/security/provider/NativePRNG
Event: 4.486 loading class sun/security/provider/NativePRNG done
Event: 4.486 loading class sun/security/provider/NativePRNG$Blocking
Event: 4.486 loading class sun/security/provider/NativePRNG$Blocking done
Event: 4.486 loading class sun/security/provider/NativePRNG$NonBlocking
Event: 4.486 loading class sun/security/provider/NativePRNG$NonBlocking done
Event: 4.486 loading class java/security/Provider$Service
Event: 4.486 Executing VM operation: CollectForMetadataAllocation


Dynamic libraries:
0x00007ff639bb0000 - 0x00007ff639bbf000 	C:\Program Files\Java\jdk-11.0.13\bin\java.exe
0x00007ffa948f0000 - 0x00007ffa94ae7000 	C:\Windows\SYSTEM32\ntdll.dll
0x00007ffa93650000 - 0x00007ffa9370d000 	C:\Windows\System32\KERNEL32.DLL
0x00007ffa92680000 - 0x00007ffa9294d000 	C:\Windows\System32\KERNELBASE.dll
0x00007ffa92470000 - 0x00007ffa92570000 	C:\Windows\System32\ucrtbase.dll
0x00007ffa7b680000 - 0x00007ffa7b698000 	C:\Program Files\Java\jdk-11.0.13\bin\jli.dll
0x00007ffa94560000 - 0x00007ffa9460e000 	C:\Windows\System32\ADVAPI32.dll
0x00007ffa92950000 - 0x00007ffa929ee000 	C:\Windows\System32\msvcrt.dll
0x00007ffa94810000 - 0x00007ffa948ac000 	C:\Windows\System32\sechost.dll
0x00007ffa930e0000 - 0x00007ffa93205000 	C:\Windows\System32\RPCRT4.dll
0x00007ffa93880000 - 0x00007ffa93a20000 	C:\Windows\System32\USER32.dll
0x00007ffa92440000 - 0x00007ffa92462000 	C:\Windows\System32\win32u.dll
0x00007ffa944d0000 - 0x00007ffa944fa000 	C:\Windows\System32\GDI32.dll
0x00007ffa920c0000 - 0x00007ffa921cb000 	C:\Windows\System32\gdi32full.dll
0x00007ffa92330000 - 0x00007ffa923cd000 	C:\Windows\System32\msvcp_win.dll
0x00007ffa7b610000 - 0x00007ffa7b625000 	C:\Program Files\Java\jdk-11.0.13\bin\VCRUNTIME140.dll
0x00007ffa74510000 - 0x00007ffa747aa000 	C:\Windows\WinSxS\amd64_microsoft.windows.common-controls_6595b64144ccf1df_6.0.19041.1110_none_60b5254171f9507e\COMCTL32.dll
0x00007ffa8a3a0000 - 0x00007ffa8a3aa000 	C:\Windows\SYSTEM32\VERSION.dll
0x00007ffa93210000 - 0x00007ffa93240000 	C:\Windows\System32\IMM32.DLL
0x00007ffa76810000 - 0x00007ffa768ab000 	C:\Program Files\Java\jdk-11.0.13\bin\msvcp140.dll
0x00007ffa66ca0000 - 0x00007ffa677b3000 	C:\Program Files\Java\jdk-11.0.13\bin\server\jvm.dll
0x00007ffa94800000 - 0x00007ffa94808000 	C:\Windows\System32\PSAPI.DLL
0x00007ffa8d9f0000 - 0x00007ffa8d9f9000 	C:\Windows\SYSTEM32\WSOCK32.dll
0x00007ffa93d10000 - 0x00007ffa93d7b000 	C:\Windows\System32\WS2_32.dll
0x00007ffa720f0000 - 0x00007ffa72117000 	C:\Windows\SYSTEM32\WINMM.dll
0x00007ffa8fef0000 - 0x00007ffa8ff02000 	C:\Windows\SYSTEM32\kernel.appcore.dll
0x00007ffa7b730000 - 0x00007ffa7b740000 	C:\Program Files\Java\jdk-11.0.13\bin\verify.dll
0x00007ffa80d20000 - 0x00007ffa80f04000 	C:\Windows\SYSTEM32\DBGHELP.DLL
0x00007ffa832c0000 - 0x00007ffa832ec000 	C:\Windows\SYSTEM32\dbgcore.DLL
0x00007ffa925f0000 - 0x00007ffa92672000 	C:\Windows\System32\bcryptPrimitives.dll
0x00007ffa7b440000 - 0x00007ffa7b468000 	C:\Program Files\Java\jdk-11.0.13\bin\java.dll
0x00007ffa7b670000 - 0x00007ffa7b67a000 	C:\Program Files\Java\jdk-11.0.13\bin\jimage.dll
0x00007ffa7b5f0000 - 0x00007ffa7b606000 	C:\Program Files\Java\jdk-11.0.13\bin\zip.dll
0x00007ffa93d80000 - 0x00007ffa944c4000 	C:\Windows\System32\SHELL32.dll
0x00007ffa900f0000 - 0x00007ffa90884000 	C:\Windows\SYSTEM32\windows.storage.dll
0x00007ffa932f0000 - 0x00007ffa93644000 	C:\Windows\System32\combase.dll
0x00007ffa918c0000 - 0x00007ffa918ec000 	C:\Windows\SYSTEM32\Wldp.dll
0x00007ffa93710000 - 0x00007ffa937bd000 	C:\Windows\System32\SHCORE.dll
0x00007ffa94500000 - 0x00007ffa94555000 	C:\Windows\System32\shlwapi.dll
0x00007ffa91f50000 - 0x00007ffa91f6f000 	C:\Windows\SYSTEM32\profapi.dll
0x00007ffa7b4a0000 - 0x00007ffa7b4b9000 	C:\Program Files\Java\jdk-11.0.13\bin\net.dll
0x00007ffa89bf0000 - 0x00007ffa89cfa000 	C:\Windows\SYSTEM32\WINHTTP.dll
0x00007ffa916a0000 - 0x00007ffa9170a000 	C:\Windows\system32\mswsock.dll
0x00007ffa7b360000 - 0x00007ffa7b372000 	C:\Program Files\Java\jdk-11.0.13\bin\nio.dll
0x00007ffa7b970000 - 0x00007ffa7b979000 	C:\Program Files\Java\jdk-11.0.13\bin\management.dll
0x00007ffa7b960000 - 0x00007ffa7b96b000 	C:\Program Files\Java\jdk-11.0.13\bin\management_ext.dll
0x00007ffa79b10000 - 0x00007ffa79b27000 	C:\Windows\system32\napinsp.dll
0x00007ffa79af0000 - 0x00007ffa79b0b000 	C:\Windows\system32\pnrpnsp.dll
0x00007ffa79ad0000 - 0x00007ffa79ae5000 	C:\Windows\system32\wshbth.dll
0x00007ffa8d890000 - 0x00007ffa8d8ad000 	C:\Windows\system32\NLAapi.dll
0x00007ffa913b0000 - 0x00007ffa913eb000 	C:\Windows\SYSTEM32\IPHLPAPI.DLL
0x00007ffa913f0000 - 0x00007ffa914bb000 	C:\Windows\SYSTEM32\DNSAPI.dll
0x00007ffa93040000 - 0x00007ffa93048000 	C:\Windows\System32\NSI.dll
0x00007ffa79ab0000 - 0x00007ffa79ac2000 	C:\Windows\System32\winrnr.dll
0x00007ffa898b0000 - 0x00007ffa898ba000 	C:\Windows\System32\rasadhlp.dll
0x00007ffa89b00000 - 0x00007ffa89b80000 	C:\Windows\System32\fwpuclnt.dll
0x00007ffa925c0000 - 0x00007ffa925e7000 	C:\Windows\System32\bcrypt.dll

dbghelp: loaded successfully - version: 4.0.5 - missing functions: none
symbol engine: initialized successfully - sym options: 0x614 - pdb path: .;C:\Program Files\Java\jdk-11.0.13\bin;C:\Windows\SYSTEM32;C:\Windows\WinSxS\amd64_microsoft.windows.common-controls_6595b64144ccf1df_6.0.19041.1110_none_60b5254171f9507e;C:\Program Files\Java\jdk-11.0.13\bin\server

VM Arguments:
jvm_args: -Xverify:none -XX:TieredStopAtLevel=1 
java_command: com.service.patient.patientservice.PatientServiceApplication
java_class_path (initial): C:\cygwin64\home\sfjbs\group3\subhashini\hospital-management-app\patient-service\target\classes;C:\Users\sfjbs\.m2\repository\org\springframework\boot\spring-boot\2.7.1\spring-boot-2.7.1.jar;C:\Users\sfjbs\.m2\repository\org\springframework\boot\spring-boot-autoconfigure\2.7.1\spring-boot-autoconfigure-2.7.1.jar;C:\Users\sfjbs\.m2\repository\ch\qos\logback\logback-classic\1.2.11\logback-classic-1.2.11.jar;C:\Users\sfjbs\.m2\repository\ch\qos\logback\logback-core\1.2.11\logback-core-1.2.11.jar;C:\Users\sfjbs\.m2\repository\org\apache\logging\log4j\log4j-to-slf4j\2.17.2\log4j-to-slf4j-2.17.2.jar;C:\Users\sfjbs\.m2\repository\org\apache\logging\log4j\log4j-api\2.17.2\log4j-api-2.17.2.jar;C:\Users\sfjbs\.m2\repository\org\slf4j\jul-to-slf4j\1.7.36\jul-to-slf4j-1.7.36.jar;C:\Users\sfjbs\.m2\repository\jakarta\annotation\jakarta.annotation-api\1.3.5\jakarta.annotation-api-1.3.5.jar;C:\Users\sfjbs\.m2\repository\org\yaml\snakeyaml\1.30\snakeyaml-1.30.jar;C:\Users\sfjbs\.m2\repository\org\springframework\spring-jms\5.3.21\spring-jms-5.3.21.jar;C:\Users\sfjbs\.m2\repository\org\springframework\spring-beans\5.3.21\spring-beans-5.3.21.jar;C:\Users\sfjbs\.m2\repository\org\springframework\spring-messaging\5.3.21\spring-messaging-5.3.21.jar;C:\Users\sfjbs\.m2\repository\org\springframework\spring-tx\5.3.21\spring-tx-5.3.21.jar;C:\Users\sfjbs\.m2\repository\org\apache\activemq\activemq-broker\5.16.5\activemq-broker-5.16.5.jar;C:\Users\sfjbs\.m2\repository\org\apache\activemq\activemq-client\5.16.5\activemq-client-5.16.5.jar;C:\Users\sfjbs\.m2\repository\org\fusesource\hawtbuf\hawtbuf\1.11\hawtbuf-1.11.jar;C:\Users\sfjbs\.m2\repository\org\apache\activemq\activemq-openwire-legacy\5.16.5\activemq-openwire-legacy-5.16.5.jar;C:\Users\sfjbs\.m2\repository\com\fasterxml\jackson\core\jackson-databind\2.13.3\jackson-databind-2.13.3.jar;C:\Users\sfjbs\.m2\repository\com\fasterxml\jackson\core\jackson-annotations\2.13.3\jackson-annotations-2.13.3.jar;C:\Users\s
Launcher Type: SUN_STANDARD

[Global flags]
     bool BytecodeVerificationLocal                = false                                     {product} {command line}
     bool BytecodeVerificationRemote               = false                                     {product} {command line}
     intx CICompilerCount                          = 2                                         {product} {ergonomic}
     uint ConcGCThreads                            = 1                                         {product} {ergonomic}
     uint G1ConcRefinementThreads                  = 2                                         {product} {ergonomic}
   size_t G1HeapRegionSize                         = 1048576                                   {product} {ergonomic}
    uintx GCDrainStackTargetSize                   = 64                                        {product} {ergonomic}
   size_t InitialHeapSize                          = 134217728                                 {product} {ergonomic}
   size_t MarkStackSize                            = 4194304                                   {product} {ergonomic}
   size_t MaxHeapSize                              = 2147483648                                {product} {ergonomic}
   size_t MaxNewSize                               = 1287651328                                {product} {ergonomic}
   size_t MinHeapDeltaBytes                        = 1048576                                   {product} {ergonomic}
    uintx NonNMethodCodeHeapSize                   = 6396312                                {pd product} {ergonomic}
    uintx NonProfiledCodeHeapSize                  = 245261928                              {pd product} {ergonomic}
    uintx ProfiledCodeHeapSize                     = 0                                      {pd product} {ergonomic}
    uintx ReservedCodeCacheSize                    = 251658240                              {pd product} {ergonomic}
     bool SegmentedCodeCache                       = true                                      {product} {ergonomic}
     intx TieredStopAtLevel                        = 1                                         {product} {command line}
     bool UseCompressedClassPointers               = true                                 {lp64_product} {ergonomic}
     bool UseCompressedOops                        = true                                 {lp64_product} {ergonomic}
     bool UseG1GC                                  = true                                      {product} {ergonomic}
     bool UseLargePagesIndividualAllocation        = false                                  {pd product} {ergonomic}

Logging:
Log output configuration:
 #0: stdout all=warning uptime,level,tags
 #1: stderr all=off uptime,level,tags

Environment Variables:
PATH=C:\Program Files\Common Files\Oracle\Java\javapath;C:\Windows\system32;C:\Windows;C:\Windows\System32\Wbem;C:\Windows\System32\WindowsPowerShell\v1.0\;C:\Windows\System32\OpenSSH\;C:\Users\sfjbs\Downloads\javamicro-20220622T060017Z-001\javamicro\apache-maven-3.8.5-bin\apache-maven-3.8.5\bin;C:\Users\sfjbs\Downloads\javamicro-20220622T060017Z-001\javamicro\apache-maven-3.8.5-bin\apache-maven-3.8.5\lib;C:\Program Files\Git\cmd;C:\Program Files\Docker\Docker\resources\bin;C:\ProgramData\DockerDesktop\version-bin;C:\Users\sfjbs\AppData\Local\Microsoft\WindowsApps;C:\Users\sfjbs\Downloads\javamicro-20220622T060017Z-001\javamicro\apache-maven-3.8.5-bin\apache-maven-3.8.5\bin;C:\Users\sfjbs\Downloads\javamicro-20220622T060017Z-001\javamicro\apache-maven-3.8.5-bin\apache-maven-3.8.5\lib;
USERNAME=sfjbs
OS=Windows_NT
PROCESSOR_IDENTIFIER=Intel64 Family 6 Model 85 Stepping 7, GenuineIntel



---------------  S Y S T E M  ---------------

OS: Windows 10 , 64 bit Build 19041 (10.0.19041.1741)
Hyper-V role detected

CPU:total 2 (initial active 2) (1 cores per cpu, 2 threads per core) family 6 model 85 stepping 7 microcode 0xffffffff, cmov, cx8, fxsr, mmx, sse, sse2, sse3, ssse3, sse4.1, sse4.2, popcnt, avx, avx2, aes, clmul, erms, rtm, 3dnowpref, lzcnt, ht, tsc, bmi1, bmi2, adx, evex, fma

Memory: 4k page, system-wide physical 8190M (604M free)
TotalPageFile size 10238M (AvailPageFile size 5M)
current process WorkingSet (physical memory assigned to process): 155M, peak: 155M
current process commit charge ("private bytes"): 257M, peak: 296M

vm_info: Java HotSpot(TM) 64-Bit Server VM (11.0.13+10-LTS-370) for windows-amd64 JRE (11.0.13+10-LTS-370), built on Sep 15 2021 22:10:36 by "mach5one" with MS VC++ 15.9 (VS2017)

END.
